{"/home/travis/build/npmtest/node-npmtest-style-loader/test.js":{"path":"/home/travis/build/npmtest/node-npmtest-style-loader/test.js","s":{"1":2,"2":2,"3":2,"4":2,"5":2,"6":2,"7":2,"8":1,"9":2,"10":2,"11":1,"12":1,"13":1,"14":1,"15":2,"16":2,"17":2,"18":2,"19":1,"20":1,"21":2,"22":2,"23":2,"24":1,"25":1,"26":1,"27":1,"28":1,"29":1,"30":1,"31":1,"32":1,"33":1,"34":1,"35":1,"36":1,"37":1,"38":1,"39":2,"40":2,"41":1,"42":2,"43":2,"44":1,"45":2,"46":2,"47":1,"48":2,"49":2,"50":1,"51":1,"52":1,"53":1,"54":1},"b":{"1":[2,1,1,1],"2":[1,1,1,1],"3":[1,1],"4":[1,1],"5":[1,1],"6":[1,1],"7":[1,1],"8":[1,1],"9":[1,1],"10":[1,1,1],"11":[1,1],"12":[1,1],"13":[1,1],"14":[1,1],"15":[1,1],"16":[1,1],"17":[1,1]},"f":{"1":2,"2":2,"3":2,"4":2,"5":2,"6":1,"7":1,"8":1,"9":2,"10":2,"11":2,"12":2,"13":1},"fnMap":{"1":{"name":"(anonymous_1)","line":12,"loc":{"start":{"line":12,"column":1},"end":{"line":12,"column":13}}},"2":{"name":"(anonymous_2)","line":19,"loc":{"start":{"line":19,"column":5},"end":{"line":19,"column":17}}},"3":{"name":"(anonymous_3)","line":23,"loc":{"start":{"line":23,"column":24},"end":{"line":23,"column":36}}},"4":{"name":"(anonymous_4)","line":61,"loc":{"start":{"line":61,"column":5},"end":{"line":61,"column":17}}},"5":{"name":"(anonymous_5)","line":82,"loc":{"start":{"line":82,"column":5},"end":{"line":82,"column":17}}},"6":{"name":"(anonymous_6)","line":91,"loc":{"start":{"line":91,"column":77},"end":{"line":94,"column":10}}},"7":{"name":"(anonymous_7)","line":112,"loc":{"start":{"line":112,"column":83},"end":{"line":115,"column":10}},"skip":true},"8":{"name":"(anonymous_8)","line":123,"loc":{"start":{"line":123,"column":77},"end":{"line":126,"column":10}},"skip":true},"9":{"name":"(anonymous_9)","line":139,"loc":{"start":{"line":139,"column":12},"end":{"line":139,"column":40}},"skip":true},"10":{"name":"(anonymous_10)","line":147,"loc":{"start":{"line":147,"column":77},"end":{"line":150,"column":10}},"skip":true},"11":{"name":"(anonymous_11)","line":158,"loc":{"start":{"line":158,"column":83},"end":{"line":161,"column":10}},"skip":true},"12":{"name":"(anonymous_12)","line":169,"loc":{"start":{"line":169,"column":79},"end":{"line":172,"column":10}},"skip":true},"13":{"name":"(anonymous_13)","line":180,"loc":{"start":{"line":180,"column":75},"end":{"line":183,"column":10}},"skip":true}},"statementMap":{"1":{"start":{"line":12,"column":0},"end":{"line":195,"column":5}},"2":{"start":{"line":14,"column":4},"end":{"line":14,"column":14}},"3":{"start":{"line":19,"column":4},"end":{"line":56,"column":9}},"4":{"start":{"line":21,"column":8},"end":{"line":21,"column":19}},"5":{"start":{"line":23,"column":8},"end":{"line":35,"column":13}},"6":{"start":{"line":24,"column":12},"end":{"line":34,"column":13}},"7":{"start":{"line":25,"column":16},"end":{"line":28,"column":30}},"8":{"start":{"line":30,"column":16},"end":{"line":33,"column":27}},"9":{"start":{"line":37,"column":8},"end":{"line":39,"column":21}},"10":{"start":{"line":40,"column":8},"end":{"line":53,"column":9}},"11":{"start":{"line":43,"column":12},"end":{"line":46,"column":14}},"12":{"start":{"line":47,"column":12},"end":{"line":47,"column":18}},"13":{"start":{"line":50,"column":12},"end":{"line":51,"column":33}},"14":{"start":{"line":52,"column":12},"end":{"line":52,"column":18}},"15":{"start":{"line":55,"column":8},"end":{"line":55,"column":35}},"16":{"start":{"line":61,"column":4},"end":{"line":63,"column":9}},"17":{"start":{"line":62,"column":8},"end":{"line":62,"column":15}},"18":{"start":{"line":64,"column":4},"end":{"line":77,"column":5}},"19":{"start":{"line":70,"column":8},"end":{"line":70,"column":14}},"20":{"start":{"line":76,"column":8},"end":{"line":76,"column":14}},"21":{"start":{"line":82,"column":4},"end":{"line":84,"column":9}},"22":{"start":{"line":83,"column":8},"end":{"line":83,"column":15}},"23":{"start":{"line":85,"column":4},"end":{"line":194,"column":5}},"24":{"start":{"line":91,"column":8},"end":{"line":99,"column":10}},"25":{"start":{"line":98,"column":12},"end":{"line":98,"column":35}},"26":{"start":{"line":102,"column":8},"end":{"line":104,"column":63}},"27":{"start":{"line":105,"column":8},"end":{"line":105,"column":14}},"28":{"start":{"line":112,"column":8},"end":{"line":121,"column":10},"skip":true},"29":{"start":{"line":119,"column":12},"end":{"line":119,"column":55},"skip":true},"30":{"start":{"line":120,"column":12},"end":{"line":120,"column":48},"skip":true},"31":{"start":{"line":123,"column":8},"end":{"line":136,"column":10},"skip":true},"32":{"start":{"line":130,"column":12},"end":{"line":130,"column":76},"skip":true},"33":{"start":{"line":131,"column":12},"end":{"line":131,"column":73},"skip":true},"34":{"start":{"line":132,"column":12},"end":{"line":132,"column":74},"skip":true},"35":{"start":{"line":133,"column":12},"end":{"line":133,"column":79},"skip":true},"36":{"start":{"line":134,"column":12},"end":{"line":134,"column":25},"skip":true},"37":{"start":{"line":135,"column":12},"end":{"line":135,"column":45},"skip":true},"38":{"start":{"line":138,"column":8},"end":{"line":145,"column":14},"skip":true},"39":{"start":{"line":143,"column":16},"end":{"line":143,"column":29},"skip":true},"40":{"start":{"line":144,"column":16},"end":{"line":144,"column":55},"skip":true},"41":{"start":{"line":147,"column":8},"end":{"line":156,"column":10},"skip":true},"42":{"start":{"line":154,"column":12},"end":{"line":154,"column":25},"skip":true},"43":{"start":{"line":155,"column":12},"end":{"line":155,"column":45},"skip":true},"44":{"start":{"line":158,"column":8},"end":{"line":167,"column":10},"skip":true},"45":{"start":{"line":165,"column":12},"end":{"line":165,"column":25},"skip":true},"46":{"start":{"line":166,"column":12},"end":{"line":166,"column":48},"skip":true},"47":{"start":{"line":169,"column":8},"end":{"line":178,"column":10},"skip":true},"48":{"start":{"line":176,"column":12},"end":{"line":176,"column":25},"skip":true},"49":{"start":{"line":177,"column":12},"end":{"line":177,"column":46},"skip":true},"50":{"start":{"line":180,"column":8},"end":{"line":189,"column":10},"skip":true},"51":{"start":{"line":187,"column":12},"end":{"line":187,"column":94},"skip":true},"52":{"start":{"line":188,"column":12},"end":{"line":188,"column":48},"skip":true},"53":{"start":{"line":192,"column":8},"end":{"line":192,"column":35},"skip":true},"54":{"start":{"line":193,"column":8},"end":{"line":193,"column":14},"skip":true}},"branchMap":{"1":{"line":25,"type":"binary-expr","locations":[{"start":{"line":25,"column":23},"end":{"line":25,"column":62}},{"start":{"line":26,"column":20},"end":{"line":26,"column":70}},{"start":{"line":27,"column":20},"end":{"line":27,"column":71}},{"start":{"line":28,"column":20},"end":{"line":28,"column":29}}]},"2":{"line":30,"type":"binary-expr","locations":[{"start":{"line":30,"column":23},"end":{"line":30,"column":37}},{"start":{"line":31,"column":20},"end":{"line":31,"column":61}},{"start":{"line":32,"column":20},"end":{"line":32,"column":70}},{"start":{"line":33,"column":20},"end":{"line":33,"column":26}}]},"3":{"line":37,"type":"cond-expr","locations":[{"start":{"line":38,"column":14},"end":{"line":38,"column":20}},{"start":{"line":39,"column":14},"end":{"line":39,"column":20}}]},"4":{"line":40,"type":"switch","locations":[{"start":{"line":42,"column":8},"end":{"line":47,"column":18}},{"start":{"line":49,"column":8},"end":{"line":52,"column":18}}]},"5":{"line":44,"type":"binary-expr","locations":[{"start":{"line":44,"column":16},"end":{"line":44,"column":44}},{"start":{"line":44,"column":48},"end":{"line":44,"column":66}}]},"6":{"line":50,"type":"binary-expr","locations":[{"start":{"line":50,"column":21},"end":{"line":50,"column":49}},{"start":{"line":50,"column":53},"end":{"line":50,"column":72}}]},"7":{"line":64,"type":"switch","locations":[{"start":{"line":69,"column":4},"end":{"line":70,"column":14}},{"start":{"line":75,"column":4},"end":{"line":76,"column":14}}]},"8":{"line":85,"type":"switch","locations":[{"start":{"line":90,"column":4},"end":{"line":105,"column":14}},{"start":{"line":111,"column":4},"end":{"line":193,"column":14},"skip":true}]},"9":{"line":91,"type":"binary-expr","locations":[{"start":{"line":91,"column":42},"end":{"line":91,"column":73}},{"start":{"line":91,"column":77},"end":{"line":99,"column":9}}]},"10":{"line":102,"type":"binary-expr","locations":[{"start":{"line":102,"column":18},"end":{"line":102,"column":32}},{"start":{"line":103,"column":12},"end":{"line":103,"column":53}},{"start":{"line":104,"column":12},"end":{"line":104,"column":61}}]},"11":{"line":112,"type":"binary-expr","locations":[{"start":{"line":112,"column":45},"end":{"line":112,"column":79},"skip":true},{"start":{"line":112,"column":83},"end":{"line":121,"column":9},"skip":true}]},"12":{"line":123,"type":"binary-expr","locations":[{"start":{"line":123,"column":42},"end":{"line":123,"column":73},"skip":true},{"start":{"line":123,"column":77},"end":{"line":136,"column":9},"skip":true}]},"13":{"line":138,"type":"binary-expr","locations":[{"start":{"line":138,"column":48},"end":{"line":138,"column":85},"skip":true},{"start":{"line":139,"column":12},"end":{"line":145,"column":13},"skip":true}]},"14":{"line":147,"type":"binary-expr","locations":[{"start":{"line":147,"column":42},"end":{"line":147,"column":73},"skip":true},{"start":{"line":147,"column":77},"end":{"line":156,"column":9},"skip":true}]},"15":{"line":158,"type":"binary-expr","locations":[{"start":{"line":158,"column":45},"end":{"line":158,"column":79},"skip":true},{"start":{"line":158,"column":83},"end":{"line":167,"column":9},"skip":true}]},"16":{"line":169,"type":"binary-expr","locations":[{"start":{"line":169,"column":43},"end":{"line":169,"column":75},"skip":true},{"start":{"line":169,"column":79},"end":{"line":178,"column":9},"skip":true}]},"17":{"line":180,"type":"binary-expr","locations":[{"start":{"line":180,"column":41},"end":{"line":180,"column":71},"skip":true},{"start":{"line":180,"column":75},"end":{"line":189,"column":9},"skip":true}]}},"code":["/* istanbul instrument in package npmtest_style_loader */","/*jslint","    bitwise: true,","    browser: true,","    maxerr: 8,","    maxlen: 96,","    node: true,","    nomen: true,","    regexp: true,","    stupid: true","*/","(function () {","    'use strict';","    var local;","","","","    // run shared js-env code - init-before","    (function () {","        // init local","        local = {};","        // init modeJs","        local.modeJs = (function () {","            try {","                return typeof navigator.userAgent === 'string' &&","                    typeof document.querySelector('body') === 'object' &&","                    typeof XMLHttpRequest.prototype.open === 'function' &&","                    'browser';","            } catch (errorCaughtBrowser) {","                return module.exports &&","                    typeof process.versions.node === 'string' &&","                    typeof require('http').createServer === 'function' &&","                    'node';","            }","        }());","        // init global","        local.global = local.modeJs === 'browser'","            ? window","            : global;","        switch (local.modeJs) {","        // re-init local from window.local","        case 'browser':","            local = local.global.utility2.objectSetDefault(","                local.global.utility2_rollup || local.global.local,","                local.global.utility2","            );","            break;","        // re-init local from example.js","        case 'node':","            local = (local.global.utility2_rollup || require('utility2'))","                .requireReadme();","            break;","        }","        // export local","        local.global.local = local;","    }());","","","","    // run shared js-env code - function","    (function () {","        return;","    }());","    switch (local.modeJs) {","","","","    // run browser js-env code - function","    case 'browser':","        break;","","","","    // run node js-env code - function","    case 'node':","        break;","    }","","","","    // run shared js-env code - init-after","    (function () {","        return;","    }());","    switch (local.modeJs) {","","","","    // run browser js-env code - init-after","    case 'browser':","        local.testCase_browser_nullCase = local.testCase_browser_nullCase || function (","            options,","            onError","        ) {","        /*","         * this function will test browsers's null-case handling-behavior-behavior","         */","            onError(null, options);","        };","","        // run tests","        local.nop(local.modeTest &&","            document.querySelector('#testRunButton1') &&","            document.querySelector('#testRunButton1').click());","        break;","","","","    // run node js-env code - init-after","    /* istanbul ignore next */","    case 'node':","        local.testCase_buildApidoc_default = local.testCase_buildApidoc_default || function (","            options,","            onError","        ) {","        /*","         * this function will test buildApidoc's default handling-behavior-behavior","         */","            options = { modulePathList: module.paths };","            local.buildApidoc(options, onError);","        };","","        local.testCase_buildApp_default = local.testCase_buildApp_default || function (","            options,","            onError","        ) {","        /*","         * this function will test buildApp's default handling-behavior-behavior","         */","            local.testCase_buildReadme_default(options, local.onErrorThrow);","            local.testCase_buildLib_default(options, local.onErrorThrow);","            local.testCase_buildTest_default(options, local.onErrorThrow);","            local.testCase_buildCustomOrg_default(options, local.onErrorThrow);","            options = [];","            local.buildApp(options, onError);","        };","","        local.testCase_buildCustomOrg_default = local.testCase_buildCustomOrg_default ||","            function (options, onError) {","            /*","             * this function will test buildCustomOrg's default handling-behavior","             */","                options = {};","                local.buildCustomOrg(options, onError);","            };","","        local.testCase_buildLib_default = local.testCase_buildLib_default || function (","            options,","            onError","        ) {","        /*","         * this function will test buildLib's default handling-behavior","         */","            options = {};","            local.buildLib(options, onError);","        };","","        local.testCase_buildReadme_default = local.testCase_buildReadme_default || function (","            options,","            onError","        ) {","        /*","         * this function will test buildReadme's default handling-behavior-behavior","         */","            options = {};","            local.buildReadme(options, onError);","        };","","        local.testCase_buildTest_default = local.testCase_buildTest_default || function (","            options,","            onError","        ) {","        /*","         * this function will test buildTest's default handling-behavior","         */","            options = {};","            local.buildTest(options, onError);","        };","","        local.testCase_webpage_default = local.testCase_webpage_default || function (","            options,","            onError","        ) {","        /*","         * this function will test webpage's default handling-behavior","         */","            options = { modeCoverageMerge: true, url: local.serverLocalHost + '?modeTest=1' };","            local.browserTest(options, onError);","        };","","        // run test-server","        local.testRunServer(local);","        break;","    }","}());",""],"l":{"12":2,"14":2,"19":2,"21":2,"23":2,"24":2,"25":2,"30":1,"37":2,"40":2,"43":1,"47":1,"50":1,"52":1,"55":2,"61":2,"62":2,"64":2,"70":1,"76":1,"82":2,"83":2,"85":2,"91":1,"98":1,"102":1,"105":1,"112":1,"119":1,"120":1,"123":1,"130":1,"131":1,"132":1,"133":1,"134":1,"135":1,"138":1,"143":2,"144":2,"147":1,"154":2,"155":2,"158":1,"165":2,"166":2,"169":1,"176":2,"177":2,"180":1,"187":1,"188":1,"192":1,"193":1}},"/home/travis/build/npmtest/node-npmtest-style-loader/lib.npmtest_style_loader.js":{"path":"/home/travis/build/npmtest/node-npmtest-style-loader/lib.npmtest_style_loader.js","s":{"1":2,"2":2,"3":2,"4":2,"5":2,"6":2,"7":2,"8":1,"9":2,"10":2,"11":2,"12":2,"13":1,"14":1,"15":1,"16":1},"b":{"1":[2,1,1,1],"2":[1,1,1,1],"3":[1,1],"4":[2,2],"5":[1,1]},"f":{"1":2,"2":2,"3":2},"fnMap":{"1":{"name":"(anonymous_1)","line":12,"loc":{"start":{"line":12,"column":1},"end":{"line":12,"column":13}}},"2":{"name":"(anonymous_2)","line":19,"loc":{"start":{"line":19,"column":5},"end":{"line":19,"column":17}}},"3":{"name":"(anonymous_3)","line":23,"loc":{"start":{"line":23,"column":24},"end":{"line":23,"column":36}}}},"statementMap":{"1":{"start":{"line":12,"column":0},"end":{"line":53,"column":5}},"2":{"start":{"line":14,"column":4},"end":{"line":14,"column":14}},"3":{"start":{"line":19,"column":4},"end":{"line":52,"column":9}},"4":{"start":{"line":21,"column":8},"end":{"line":21,"column":19}},"5":{"start":{"line":23,"column":8},"end":{"line":35,"column":13}},"6":{"start":{"line":24,"column":12},"end":{"line":34,"column":13}},"7":{"start":{"line":25,"column":16},"end":{"line":28,"column":30}},"8":{"start":{"line":30,"column":16},"end":{"line":33,"column":27}},"9":{"start":{"line":37,"column":8},"end":{"line":39,"column":21}},"10":{"start":{"line":41,"column":8},"end":{"line":41,"column":54}},"11":{"start":{"line":43,"column":8},"end":{"line":43,"column":57}},"12":{"start":{"line":45,"column":8},"end":{"line":51,"column":9}},"13":{"start":{"line":46,"column":12},"end":{"line":46,"column":63}},"14":{"start":{"line":48,"column":12},"end":{"line":48,"column":35}},"15":{"start":{"line":49,"column":12},"end":{"line":49,"column":49}},"16":{"start":{"line":50,"column":12},"end":{"line":50,"column":43}}},"branchMap":{"1":{"line":25,"type":"binary-expr","locations":[{"start":{"line":25,"column":23},"end":{"line":25,"column":62}},{"start":{"line":26,"column":20},"end":{"line":26,"column":70}},{"start":{"line":27,"column":20},"end":{"line":27,"column":71}},{"start":{"line":28,"column":20},"end":{"line":28,"column":29}}]},"2":{"line":30,"type":"binary-expr","locations":[{"start":{"line":30,"column":23},"end":{"line":30,"column":37}},{"start":{"line":31,"column":20},"end":{"line":31,"column":61}},{"start":{"line":32,"column":20},"end":{"line":32,"column":70}},{"start":{"line":33,"column":20},"end":{"line":33,"column":26}}]},"3":{"line":37,"type":"cond-expr","locations":[{"start":{"line":38,"column":14},"end":{"line":38,"column":20}},{"start":{"line":39,"column":14},"end":{"line":39,"column":20}}]},"4":{"line":41,"type":"binary-expr","locations":[{"start":{"line":41,"column":16},"end":{"line":41,"column":44}},{"start":{"line":41,"column":48},"end":{"line":41,"column":53}}]},"5":{"line":45,"type":"if","locations":[{"start":{"line":45,"column":8},"end":{"line":45,"column":8}},{"start":{"line":45,"column":8},"end":{"line":45,"column":8}}]}},"code":["/* istanbul instrument in package npmtest_style_loader */","/*jslint","    bitwise: true,","    browser: true,","    maxerr: 8,","    maxlen: 96,","    node: true,","    nomen: true,","    regexp: true,","    stupid: true","*/","(function () {","    'use strict';","    var local;","","","","    // run shared js-env code - init-before","    (function () {","        // init local","        local = {};","        // init modeJs","        local.modeJs = (function () {","            try {","                return typeof navigator.userAgent === 'string' &&","                    typeof document.querySelector('body') === 'object' &&","                    typeof XMLHttpRequest.prototype.open === 'function' &&","                    'browser';","            } catch (errorCaughtBrowser) {","                return module.exports &&","                    typeof process.versions.node === 'string' &&","                    typeof require('http').createServer === 'function' &&","                    'node';","            }","        }());","        // init global","        local.global = local.modeJs === 'browser'","            ? window","            : global;","        // init utility2_rollup","        local = local.global.utility2_rollup || local;","        // init lib","        local.local = local.npmtest_style_loader = local;","        // init exports","        if (local.modeJs === 'browser') {","            local.global.utility2_npmtest_style_loader = local;","        } else {","            module.exports = local;","            module.exports.__dirname = __dirname;","            module.exports.module = module;","        }","    }());","}());",""],"l":{"12":2,"14":2,"19":2,"21":2,"23":2,"24":2,"25":2,"30":1,"37":2,"41":2,"43":2,"45":2,"46":1,"48":1,"49":1,"50":1}},"/home/travis/build/npmtest/node-npmtest-style-loader/example.js":{"path":"/home/travis/build/npmtest/node-npmtest-style-loader/example.js","s":{"1":2,"2":2,"3":2,"4":2,"5":2,"6":2,"7":2,"8":1,"9":2,"10":2,"11":2,"12":2,"13":1,"14":2,"15":2,"16":2,"17":2,"18":2,"19":0,"20":2,"21":1,"22":1,"23":1,"24":1,"25":1,"26":0,"27":0,"28":1,"29":1,"30":2,"31":0,"32":0,"33":0,"34":1,"35":2,"36":2,"37":3,"38":3,"39":3,"40":3,"41":0,"42":3,"43":3,"44":3,"45":1,"46":3,"47":1,"48":1,"49":1,"50":1,"51":1,"52":1,"53":1,"54":1,"55":1,"56":1,"57":0,"58":1,"59":6,"60":6,"61":1,"62":2,"63":0,"64":2,"65":1,"66":1,"67":0,"68":0,"69":0,"70":0,"71":0,"72":0,"73":0,"74":0,"75":0,"76":0,"77":0,"78":0,"79":0,"80":0,"81":0,"82":0,"83":0},"b":{"1":[2,1,1,1],"2":[1,1,1,1],"3":[1,1],"4":[2,2],"5":[1,1],"6":[1,1],"7":[2,0],"8":[2,1,1,1,1,1],"9":[0,2,0],"10":[1,1],"11":[2,1,1],"12":[1,0],"13":[0,2],"14":[2,0,0,0,0,0,0],"15":[0,3],"16":[3,0],"17":[1,1],"18":[0,1],"19":[1,2,0,2],"20":[1,0],"21":[1,1],"22":[0,0],"23":[0,0],"24":[0,0],"25":[0,0],"26":[0,0],"27":[0,0],"28":[0,0]},"f":{"1":2,"2":2,"3":2,"4":2,"5":2,"6":2,"7":3,"8":3,"9":3,"10":1,"11":6,"12":0},"fnMap":{"1":{"name":"(anonymous_1)","line":26,"loc":{"start":{"line":26,"column":1},"end":{"line":26,"column":13}}},"2":{"name":"(anonymous_2)","line":33,"loc":{"start":{"line":33,"column":5},"end":{"line":33,"column":17}}},"3":{"name":"(anonymous_3)","line":37,"loc":{"start":{"line":37,"column":24},"end":{"line":37,"column":36}}},"4":{"name":"(anonymous_4)","line":69,"loc":{"start":{"line":69,"column":31},"end":{"line":69,"column":48}},"skip":true},"5":{"name":"(anonymous_5)","line":78,"loc":{"start":{"line":78,"column":26},"end":{"line":78,"column":45}},"skip":true},"6":{"name":"(anonymous_6)","line":123,"loc":{"start":{"line":123,"column":33},"end":{"line":123,"column":48}},"skip":true},"7":{"name":"(anonymous_7)","line":125,"loc":{"start":{"line":125,"column":27},"end":{"line":125,"column":39}},"skip":true},"8":{"name":"(anonymous_8)","line":133,"loc":{"start":{"line":133,"column":59},"end":{"line":133,"column":74}},"skip":true},"9":{"name":"(anonymous_9)","line":143,"loc":{"start":{"line":143,"column":45},"end":{"line":143,"column":62}},"skip":true},"10":{"name":"(anonymous_10)","line":144,"loc":{"start":{"line":144,"column":73},"end":{"line":144,"column":92}},"skip":true},"11":{"name":"(anonymous_11)","line":272,"loc":{"start":{"line":272,"column":51},"end":{"line":272,"column":77}},"skip":true},"12":{"name":"(anonymous_12)","line":315,"loc":{"start":{"line":315,"column":32},"end":{"line":315,"column":61}},"skip":true}},"statementMap":{"1":{"start":{"line":26,"column":0},"end":{"line":326,"column":5}},"2":{"start":{"line":28,"column":4},"end":{"line":28,"column":14}},"3":{"start":{"line":33,"column":4},"end":{"line":60,"column":9}},"4":{"start":{"line":35,"column":8},"end":{"line":35,"column":19}},"5":{"start":{"line":37,"column":8},"end":{"line":49,"column":13}},"6":{"start":{"line":38,"column":12},"end":{"line":48,"column":13}},"7":{"start":{"line":39,"column":16},"end":{"line":42,"column":30}},"8":{"start":{"line":44,"column":16},"end":{"line":47,"column":27}},"9":{"start":{"line":51,"column":8},"end":{"line":53,"column":21}},"10":{"start":{"line":55,"column":8},"end":{"line":57,"column":45}},"11":{"start":{"line":59,"column":8},"end":{"line":59,"column":35}},"12":{"start":{"line":61,"column":4},"end":{"line":325,"column":5}},"13":{"start":{"line":69,"column":8},"end":{"line":121,"column":10},"skip":true},"14":{"start":{"line":70,"column":12},"end":{"line":88,"column":13},"skip":true},"15":{"start":{"line":76,"column":16},"end":{"line":87,"column":19},"skip":true},"16":{"start":{"line":79,"column":20},"end":{"line":86,"column":21},"skip":true},"17":{"start":{"line":82,"column":24},"end":{"line":82,"column":43},"skip":true},"18":{"start":{"line":83,"column":24},"end":{"line":83,"column":30},"skip":true},"19":{"start":{"line":85,"column":24},"end":{"line":85,"column":49},"skip":true},"20":{"start":{"line":89,"column":12},"end":{"line":107,"column":13},"skip":true},"21":{"start":{"line":92,"column":16},"end":{"line":102,"column":17},"skip":true},"22":{"start":{"line":93,"column":20},"end":{"line":93,"column":86},"skip":true},"23":{"start":{"line":94,"column":20},"end":{"line":95,"column":45},"skip":true},"24":{"start":{"line":96,"column":20},"end":{"line":96,"column":42},"skip":true},"25":{"start":{"line":97,"column":20},"end":{"line":97,"column":48},"skip":true},"26":{"start":{"line":100,"column":20},"end":{"line":100,"column":85},"skip":true},"27":{"start":{"line":101,"column":20},"end":{"line":101,"column":96},"skip":true},"28":{"start":{"line":103,"column":16},"end":{"line":103,"column":22},"skip":true},"29":{"start":{"line":106,"column":16},"end":{"line":106,"column":22},"skip":true},"30":{"start":{"line":108,"column":12},"end":{"line":120,"column":13},"skip":true},"31":{"start":{"line":114,"column":16},"end":{"line":119,"column":17},"skip":true},"32":{"start":{"line":116,"column":20},"end":{"line":116,"column":78},"skip":true},"33":{"start":{"line":118,"column":20},"end":{"line":118,"column":47},"skip":true},"34":{"start":{"line":123,"column":8},"end":{"line":141,"column":11},"skip":true},"35":{"start":{"line":124,"column":12},"end":{"line":124,"column":54},"skip":true},"36":{"start":{"line":125,"column":12},"end":{"line":140,"column":14},"skip":true},"37":{"start":{"line":126,"column":16},"end":{"line":126,"column":28},"skip":true},"38":{"start":{"line":127,"column":16},"end":{"line":127,"column":69},"skip":true},"39":{"start":{"line":128,"column":16},"end":{"line":128,"column":75},"skip":true},"40":{"start":{"line":129,"column":16},"end":{"line":131,"column":17},"skip":true},"41":{"start":{"line":130,"column":20},"end":{"line":130,"column":27},"skip":true},"42":{"start":{"line":133,"column":16},"end":{"line":137,"column":36},"skip":true},"43":{"start":{"line":134,"column":20},"end":{"line":136,"column":55},"skip":true},"44":{"start":{"line":139,"column":16},"end":{"line":139,"column":57},"skip":true},"45":{"start":{"line":143,"column":8},"end":{"line":147,"column":11},"skip":true},"46":{"start":{"line":144,"column":12},"end":{"line":146,"column":15},"skip":true},"47":{"start":{"line":145,"column":16},"end":{"line":145,"column":70},"skip":true},"48":{"start":{"line":149,"column":8},"end":{"line":149,"column":31},"skip":true},"49":{"start":{"line":150,"column":8},"end":{"line":150,"column":14},"skip":true},"50":{"start":{"line":158,"column":8},"end":{"line":158,"column":31},"skip":true},"51":{"start":{"line":160,"column":8},"end":{"line":160,"column":33},"skip":true},"52":{"start":{"line":161,"column":8},"end":{"line":161,"column":37},"skip":true},"53":{"start":{"line":162,"column":8},"end":{"line":162,"column":35},"skip":true},"54":{"start":{"line":164,"column":8},"end":{"line":164,"column":50},"skip":true},"55":{"start":{"line":166,"column":8},"end":{"line":256,"column":2},"skip":true},"56":{"start":{"line":258,"column":8},"end":{"line":286,"column":9},"skip":true},"57":{"start":{"line":259,"column":12},"end":{"line":269,"column":14},"skip":true},"58":{"start":{"line":271,"column":12},"end":{"line":285,"column":19},"skip":true},"59":{"start":{"line":274,"column":20},"end":{"line":274,"column":35},"skip":true},"60":{"start":{"line":275,"column":20},"end":{"line":284,"column":21},"skip":true},"61":{"start":{"line":277,"column":24},"end":{"line":277,"column":64},"skip":true},"62":{"start":{"line":279,"column":24},"end":{"line":279,"column":40},"skip":true},"63":{"start":{"line":281,"column":24},"end":{"line":281,"column":40},"skip":true},"64":{"start":{"line":283,"column":24},"end":{"line":283,"column":39},"skip":true},"65":{"start":{"line":288,"column":8},"end":{"line":290,"column":9},"skip":true},"66":{"start":{"line":289,"column":12},"end":{"line":289,"column":18},"skip":true},"67":{"start":{"line":291,"column":8},"end":{"line":293,"column":54},"skip":true},"68":{"start":{"line":296,"column":8},"end":{"line":301,"column":37},"skip":true},"69":{"start":{"line":303,"column":8},"end":{"line":303,"column":82},"skip":true},"70":{"start":{"line":306,"column":8},"end":{"line":308,"column":9},"skip":true},"71":{"start":{"line":307,"column":12},"end":{"line":307,"column":82},"skip":true},"72":{"start":{"line":310,"column":8},"end":{"line":312,"column":9},"skip":true},"73":{"start":{"line":311,"column":12},"end":{"line":311,"column":18},"skip":true},"74":{"start":{"line":313,"column":8},"end":{"line":313,"column":54},"skip":true},"75":{"start":{"line":314,"column":8},"end":{"line":314,"column":69},"skip":true},"76":{"start":{"line":315,"column":8},"end":{"line":323,"column":36},"skip":true},"77":{"start":{"line":316,"column":12},"end":{"line":316,"column":61},"skip":true},"78":{"start":{"line":317,"column":12},"end":{"line":320,"column":13},"skip":true},"79":{"start":{"line":318,"column":16},"end":{"line":318,"column":75},"skip":true},"80":{"start":{"line":319,"column":16},"end":{"line":319,"column":23},"skip":true},"81":{"start":{"line":321,"column":12},"end":{"line":321,"column":38},"skip":true},"82":{"start":{"line":322,"column":12},"end":{"line":322,"column":27},"skip":true},"83":{"start":{"line":324,"column":8},"end":{"line":324,"column":14},"skip":true}},"branchMap":{"1":{"line":39,"type":"binary-expr","locations":[{"start":{"line":39,"column":23},"end":{"line":39,"column":62}},{"start":{"line":40,"column":20},"end":{"line":40,"column":70}},{"start":{"line":41,"column":20},"end":{"line":41,"column":71}},{"start":{"line":42,"column":20},"end":{"line":42,"column":29}}]},"2":{"line":44,"type":"binary-expr","locations":[{"start":{"line":44,"column":23},"end":{"line":44,"column":37}},{"start":{"line":45,"column":20},"end":{"line":45,"column":61}},{"start":{"line":46,"column":20},"end":{"line":46,"column":70}},{"start":{"line":47,"column":20},"end":{"line":47,"column":26}}]},"3":{"line":51,"type":"cond-expr","locations":[{"start":{"line":52,"column":14},"end":{"line":52,"column":20}},{"start":{"line":53,"column":14},"end":{"line":53,"column":20}}]},"4":{"line":55,"type":"binary-expr","locations":[{"start":{"line":55,"column":16},"end":{"line":55,"column":44}},{"start":{"line":55,"column":49},"end":{"line":57,"column":43}}]},"5":{"line":55,"type":"cond-expr","locations":[{"start":{"line":56,"column":14},"end":{"line":56,"column":56}},{"start":{"line":57,"column":14},"end":{"line":57,"column":43}}]},"6":{"line":61,"type":"switch","locations":[{"start":{"line":68,"column":4},"end":{"line":150,"column":14},"skip":true},{"start":{"line":156,"column":4},"end":{"line":324,"column":14},"skip":true}]},"7":{"line":70,"type":"if","locations":[{"start":{"line":70,"column":12},"end":{"line":70,"column":12},"skip":true},{"start":{"line":70,"column":12},"end":{"line":70,"column":12},"skip":true}]},"8":{"line":70,"type":"binary-expr","locations":[{"start":{"line":70,"column":16},"end":{"line":70,"column":22},"skip":true},{"start":{"line":70,"column":27},"end":{"line":70,"column":32},"skip":true},{"start":{"line":71,"column":20},"end":{"line":71,"column":39},"skip":true},{"start":{"line":72,"column":20},"end":{"line":72,"column":49},"skip":true},{"start":{"line":73,"column":20},"end":{"line":73,"column":58},"skip":true},{"start":{"line":74,"column":20},"end":{"line":74,"column":69},"skip":true}]},"9":{"line":79,"type":"switch","locations":[{"start":{"line":80,"column":20},"end":{"line":80,"column":33},"skip":true},{"start":{"line":81,"column":20},"end":{"line":83,"column":30},"skip":true},{"start":{"line":84,"column":20},"end":{"line":85,"column":49},"skip":true}]},"10":{"line":89,"type":"switch","locations":[{"start":{"line":90,"column":12},"end":{"line":103,"column":22},"skip":true},{"start":{"line":105,"column":12},"end":{"line":106,"column":22},"skip":true}]},"11":{"line":89,"type":"binary-expr","locations":[{"start":{"line":89,"column":20},"end":{"line":89,"column":25},"skip":true},{"start":{"line":89,"column":29},"end":{"line":89,"column":48},"skip":true},{"start":{"line":89,"column":52},"end":{"line":89,"column":74},"skip":true}]},"12":{"line":92,"type":"if","locations":[{"start":{"line":92,"column":16},"end":{"line":92,"column":16},"skip":true},{"start":{"line":92,"column":16},"end":{"line":92,"column":16},"skip":true}]},"13":{"line":108,"type":"if","locations":[{"start":{"line":108,"column":12},"end":{"line":108,"column":12},"skip":true},{"start":{"line":108,"column":12},"end":{"line":108,"column":12},"skip":true}]},"14":{"line":108,"type":"binary-expr","locations":[{"start":{"line":108,"column":16},"end":{"line":108,"column":61},"skip":true},{"start":{"line":108,"column":66},"end":{"line":108,"column":72},"skip":true},{"start":{"line":108,"column":77},"end":{"line":108,"column":82},"skip":true},{"start":{"line":109,"column":20},"end":{"line":109,"column":39},"skip":true},{"start":{"line":110,"column":20},"end":{"line":110,"column":49},"skip":true},{"start":{"line":111,"column":20},"end":{"line":111,"column":58},"skip":true},{"start":{"line":112,"column":20},"end":{"line":112,"column":68},"skip":true}]},"15":{"line":129,"type":"if","locations":[{"start":{"line":129,"column":16},"end":{"line":129,"column":16},"skip":true},{"start":{"line":129,"column":16},"end":{"line":129,"column":16},"skip":true}]},"16":{"line":134,"type":"cond-expr","locations":[{"start":{"line":135,"column":26},"end":{"line":135,"column":29},"skip":true},{"start":{"line":136,"column":26},"end":{"line":136,"column":54},"skip":true}]},"17":{"line":164,"type":"binary-expr","locations":[{"start":{"line":164,"column":27},"end":{"line":164,"column":43},"skip":true},{"start":{"line":164,"column":47},"end":{"line":164,"column":49},"skip":true}]},"18":{"line":258,"type":"if","locations":[{"start":{"line":258,"column":8},"end":{"line":258,"column":8},"skip":true},{"start":{"line":258,"column":8},"end":{"line":258,"column":8},"skip":true}]},"19":{"line":275,"type":"switch","locations":[{"start":{"line":276,"column":20},"end":{"line":277,"column":64},"skip":true},{"start":{"line":278,"column":20},"end":{"line":279,"column":40},"skip":true},{"start":{"line":280,"column":20},"end":{"line":281,"column":40},"skip":true},{"start":{"line":282,"column":20},"end":{"line":283,"column":39},"skip":true}]},"20":{"line":288,"type":"if","locations":[{"start":{"line":288,"column":8},"end":{"line":288,"column":8},"skip":true},{"start":{"line":288,"column":8},"end":{"line":288,"column":8},"skip":true}]},"21":{"line":288,"type":"binary-expr","locations":[{"start":{"line":288,"column":12},"end":{"line":288,"column":40},"skip":true},{"start":{"line":288,"column":44},"end":{"line":288,"column":67},"skip":true}]},"22":{"line":292,"type":"binary-expr","locations":[{"start":{"line":292,"column":12},"end":{"line":292,"column":50},"skip":true},{"start":{"line":293,"column":12},"end":{"line":293,"column":53},"skip":true}]},"23":{"line":297,"type":"binary-expr","locations":[{"start":{"line":297,"column":12},"end":{"line":297,"column":70},"skip":true},{"start":{"line":298,"column":12},"end":{"line":301,"column":36},"skip":true}]},"24":{"line":303,"type":"binary-expr","locations":[{"start":{"line":303,"column":43},"end":{"line":303,"column":75},"skip":true},{"start":{"line":303,"column":79},"end":{"line":303,"column":81},"skip":true}]},"25":{"line":306,"type":"if","locations":[{"start":{"line":306,"column":8},"end":{"line":306,"column":8},"skip":true},{"start":{"line":306,"column":8},"end":{"line":306,"column":8},"skip":true}]},"26":{"line":310,"type":"if","locations":[{"start":{"line":310,"column":8},"end":{"line":310,"column":8},"skip":true},{"start":{"line":310,"column":8},"end":{"line":310,"column":8},"skip":true}]},"27":{"line":313,"type":"binary-expr","locations":[{"start":{"line":313,"column":27},"end":{"line":313,"column":43},"skip":true},{"start":{"line":313,"column":47},"end":{"line":313,"column":53},"skip":true}]},"28":{"line":317,"type":"if","locations":[{"start":{"line":317,"column":12},"end":{"line":317,"column":12},"skip":true},{"start":{"line":317,"column":12},"end":{"line":317,"column":12},"skip":true}]}},"code":["/*","example.js","","quickstart example","","instruction","    1. save this script as example.js","    2. run the shell command:","        $ npm install npmtest-style-loader && PORT=8081 node example.js","    3. play with the browser-demo on http://127.0.0.1:8081","*/","","","","/* istanbul instrument in package npmtest_style_loader */","/*jslint","    bitwise: true,","    browser: true,","    maxerr: 8,","    maxlen: 96,","    node: true,","    nomen: true,","    regexp: true,","    stupid: true","*/","(function () {","    'use strict';","    var local;","","","","    // run shared js-env code - init-before","    (function () {","        // init local","        local = {};","        // init modeJs","        local.modeJs = (function () {","            try {","                return typeof navigator.userAgent === 'string' &&","                    typeof document.querySelector('body') === 'object' &&","                    typeof XMLHttpRequest.prototype.open === 'function' &&","                    'browser';","            } catch (errorCaughtBrowser) {","                return module.exports &&","                    typeof process.versions.node === 'string' &&","                    typeof require('http').createServer === 'function' &&","                    'node';","            }","        }());","        // init global","        local.global = local.modeJs === 'browser'","            ? window","            : global;","        // init utility2_rollup","        local = local.global.utility2_rollup || (local.modeJs === 'browser'","            ? local.global.utility2_npmtest_style_loader","            : global.utility2_moduleExports);","        // export local","        local.global.local = local;","    }());","    switch (local.modeJs) {","","","","    // init-after","    // run browser js-env code - init-after","    /* istanbul ignore next */","    case 'browser':","        local.testRunBrowser = function (event) {","            if (!event || (event &&","                    event.currentTarget &&","                    event.currentTarget.className &&","                    event.currentTarget.className.includes &&","                    event.currentTarget.className.includes('onreset'))) {","                // reset output","                Array.from(","                    document.querySelectorAll('body > .resettable')","                ).forEach(function (element) {","                    switch (element.tagName) {","                    case 'INPUT':","                    case 'TEXTAREA':","                        element.value = '';","                        break;","                    default:","                        element.textContent = '';","                    }","                });","            }","            switch (event && event.currentTarget && event.currentTarget.id) {","            case 'testRunButton1':","                // show tests","                if (document.querySelector('#testReportDiv1').style.display === 'none') {","                    document.querySelector('#testReportDiv1').style.display = 'block';","                    document.querySelector('#testRunButton1').textContent =","                        'hide internal test';","                    local.modeTest = true;","                    local.testRunDefault(local);","                // hide tests","                } else {","                    document.querySelector('#testReportDiv1').style.display = 'none';","                    document.querySelector('#testRunButton1').textContent = 'run internal test';","                }","                break;","            // custom-case","            default:","                break;","            }","            if (document.querySelector('#inputTextareaEval1') && (!event || (event &&","                    event.currentTarget &&","                    event.currentTarget.className &&","                    event.currentTarget.className.includes &&","                    event.currentTarget.className.includes('oneval')))) {","                // try to eval input-code","                try {","                    /*jslint evil: true*/","                    eval(document.querySelector('#inputTextareaEval1').value);","                } catch (errorCaught) {","                    console.error(errorCaught);","                }","            }","        };","        // log stderr and stdout to #outputTextareaStdout1","        ['error', 'log'].forEach(function (key) {","            console[key + '_original'] = console[key];","            console[key] = function () {","                var element;","                console[key + '_original'].apply(console, arguments);","                element = document.querySelector('#outputTextareaStdout1');","                if (!element) {","                    return;","                }","                // append text to #outputTextareaStdout1","                element.value += Array.from(arguments).map(function (arg) {","                    return typeof arg === 'string'","                        ? arg","                        : JSON.stringify(arg, null, 4);","                }).join(' ') + '\\n';","                // scroll textarea to bottom","                element.scrollTop = element.scrollHeight;","            };","        });","        // init event-handling","        ['change', 'click', 'keyup'].forEach(function (event) {","            Array.from(document.querySelectorAll('.on' + event)).forEach(function (element) {","                element.addEventListener(event, local.testRunBrowser);","            });","        });","        // run tests","        local.testRunBrowser();","        break;","","","","    // run node js-env code - init-after","    /* istanbul ignore next */","    case 'node':","        // export local","        module.exports = local;","        // require modules","        local.fs = require('fs');","        local.http = require('http');","        local.url = require('url');","        // init assets","        local.assetsDict = local.assetsDict || {};","        /* jslint-ignore-begin */","        local.assetsDict['/assets.index.template.html'] = '\\","<!doctype html>\\n\\","<html lang=\"en\">\\n\\","<head>\\n\\","<meta charset=\"UTF-8\">\\n\\","<meta name=\"viewport\" content=\"width=device-width, initial-scale=1\">\\n\\","<title>{{env.npm_package_name}} (v{{env.npm_package_version}})</title>\\n\\","<style>\\n\\","/*csslint\\n\\","    box-sizing: false,\\n\\","    universal-selector: false\\n\\","*/\\n\\","* {\\n\\","    box-sizing: border-box;\\n\\","}\\n\\","body {\\n\\","    background: #dde;\\n\\","    font-family: Arial, Helvetica, sans-serif;\\n\\","    margin: 2rem;\\n\\","}\\n\\","body > * {\\n\\","    margin-bottom: 1rem;\\n\\","}\\n\\",".utility2FooterDiv {\\n\\","    margin-top: 20px;\\n\\","    text-align: center;\\n\\","}\\n\\","</style>\\n\\","<style>\\n\\","/*csslint\\n\\","*/\\n\\","textarea {\\n\\","    font-family: monospace;\\n\\","    height: 10rem;\\n\\","    width: 100%;\\n\\","}\\n\\","textarea[readonly] {\\n\\","    background: #ddd;\\n\\","}\\n\\","</style>\\n\\","</head>\\n\\","<body>\\n\\","<!-- utility2-comment\\n\\","<div id=\"ajaxProgressDiv1\" style=\"background: #d00; height: 2px; left: 0; margin: 0; padding: 0; position: fixed; top: 0; transition: background 0.5s, width 1.5s; width: 25%;\"></div>\\n\\","utility2-comment -->\\n\\","<h1>\\n\\","<!-- utility2-comment\\n\\","    <a\\n\\","        {{#if env.npm_package_homepage}}\\n\\","        href=\"{{env.npm_package_homepage}}\"\\n\\","        {{/if env.npm_package_homepage}}\\n\\","        target=\"_blank\"\\n\\","    >\\n\\","utility2-comment -->\\n\\","        {{env.npm_package_name}} (v{{env.npm_package_version}})\\n\\","<!-- utility2-comment\\n\\","    </a>\\n\\","utility2-comment -->\\n\\","</h1>\\n\\","<h3>{{env.npm_package_description}}</h3>\\n\\","<!-- utility2-comment\\n\\","<h4><a download href=\"assets.app.js\">download standalone app</a></h4>\\n\\","<button class=\"onclick onreset\" id=\"testRunButton1\">run internal test</button><br>\\n\\","<div id=\"testReportDiv1\" style=\"display: none;\"></div>\\n\\","utility2-comment -->\\n\\","\\n\\","\\n\\","\\n\\","<label>stderr and stdout</label>\\n\\","<textarea class=\"resettable\" id=\"outputTextareaStdout1\" readonly></textarea>\\n\\","<!-- utility2-comment\\n\\","{{#if isRollup}}\\n\\","<script src=\"assets.app.js\"></script>\\n\\","{{#unless isRollup}}\\n\\","utility2-comment -->\\n\\","<script src=\"assets.utility2.rollup.js\"></script>\\n\\","<script src=\"jsonp.utility2._stateInit?callback=window.utility2._stateInit\"></script>\\n\\","<script src=\"assets.npmtest_style_loader.rollup.js\"></script>\\n\\","<script src=\"assets.example.js\"></script>\\n\\","<script src=\"assets.test.js\"></script>\\n\\","<!-- utility2-comment\\n\\","{{/if isRollup}}\\n\\","utility2-comment -->\\n\\","<div class=\"utility2FooterDiv\">\\n\\","    [ this app was created with\\n\\","    <a href=\"https://github.com/kaizhu256/node-utility2\" target=\"_blank\">utility2</a>\\n\\","    ]\\n\\","</div>\\n\\","</body>\\n\\","</html>\\n\\","';","        /* jslint-ignore-end */","        if (local.templateRender) {","            local.assetsDict['/'] = local.templateRender(","                local.assetsDict['/assets.index.template.html'],","                {","                    env: local.objectSetDefault(local.env, {","                        npm_package_description: 'the greatest app in the world!',","                        npm_package_name: 'my-app',","                        npm_package_nameAlias: 'my_app',","                        npm_package_version: '0.0.1'","                    })","                }","            );","        } else {","            local.assetsDict['/'] = local.assetsDict['/assets.index.template.html']","                .replace((/\\{\\{env\\.(\\w+?)\\}\\}/g), function (match0, match1) {","                    // jslint-hack","                    String(match0);","                    switch (match1) {","                    case 'npm_package_description':","                        return 'the greatest app in the world!';","                    case 'npm_package_name':","                        return 'my-app';","                    case 'npm_package_nameAlias':","                        return 'my_app';","                    case 'npm_package_version':","                        return '0.0.1';","                    }","                });","        }","        // run the cli","        if (local.global.utility2_rollup || module !== require.main) {","            break;","        }","        local.assetsDict['/assets.example.js'] =","            local.assetsDict['/assets.example.js'] ||","            local.fs.readFileSync(__filename, 'utf8');","        // bug-workaround - long $npm_package_buildCustomOrg","        /* jslint-ignore-begin */","        local.assetsDict['/assets.npmtest_style_loader.rollup.js'] =","            local.assetsDict['/assets.npmtest_style_loader.rollup.js'] ||","            local.fs.readFileSync(","                local.npmtest_style_loader.__dirname + '/lib.npmtest_style_loader.js',","                'utf8'","            ).replace((/^#!/), '//');","        /* jslint-ignore-end */","        local.assetsDict['/favicon.ico'] = local.assetsDict['/favicon.ico'] || '';","        // if $npm_config_timeout_exit exists,","        // then exit this process after $npm_config_timeout_exit ms","        if (Number(process.env.npm_config_timeout_exit)) {","            setTimeout(process.exit, Number(process.env.npm_config_timeout_exit));","        }","        // start server","        if (local.global.utility2_serverHttp1) {","            break;","        }","        process.env.PORT = process.env.PORT || '8081';","        console.error('server starting on port ' + process.env.PORT);","        local.http.createServer(function (request, response) {","            request.urlParsed = local.url.parse(request.url);","            if (local.assetsDict[request.urlParsed.pathname] !== undefined) {","                response.end(local.assetsDict[request.urlParsed.pathname]);","                return;","            }","            response.statusCode = 404;","            response.end();","        }).listen(process.env.PORT);","        break;","    }","}());",""],"l":{"26":2,"28":2,"33":2,"35":2,"37":2,"38":2,"39":2,"44":1,"51":2,"55":2,"59":2,"61":2,"69":1,"70":2,"76":2,"79":2,"82":2,"83":2,"85":1,"89":2,"92":1,"93":1,"94":1,"96":1,"97":1,"100":1,"101":1,"103":1,"106":1,"108":2,"114":1,"116":1,"118":1,"123":1,"124":2,"125":2,"126":3,"127":3,"128":3,"129":3,"130":1,"133":3,"134":3,"139":3,"143":1,"144":3,"145":1,"149":1,"150":1,"158":1,"160":1,"161":1,"162":1,"164":1,"166":1,"258":1,"259":1,"271":1,"274":6,"275":6,"277":1,"279":2,"281":1,"283":2,"288":1,"289":1,"291":1,"296":1,"303":1,"306":1,"307":1,"310":1,"311":1,"313":1,"314":1,"315":1,"316":1,"317":1,"318":1,"319":1,"321":1,"322":1,"324":1}},"/home/travis/build/npmtest/node-npmtest-style-loader/node_modules/style-loader/index.js":{"path":"/home/travis/build/npmtest/node-npmtest-style-loader/node_modules/style-loader/index.js","s":{"1":1,"2":1,"3":1,"4":0,"5":0,"6":0,"7":0},"b":{"1":[0,0],"2":[0,0]},"f":{"1":0,"2":0},"fnMap":{"1":{"name":"(anonymous_1)","line":7,"loc":{"start":{"line":7,"column":17},"end":{"line":7,"column":28}}},"2":{"name":"(anonymous_2)","line":8,"loc":{"start":{"line":8,"column":23},"end":{"line":8,"column":50}}}},"statementMap":{"1":{"start":{"line":5,"column":0},"end":{"line":6,"column":24}},"2":{"start":{"line":7,"column":0},"end":{"line":7,"column":31}},"3":{"start":{"line":8,"column":0},"end":{"line":34,"column":2}},"4":{"start":{"line":9,"column":1},"end":{"line":9,"column":37}},"5":{"start":{"line":9,"column":20},"end":{"line":9,"column":37}},"6":{"start":{"line":10,"column":1},"end":{"line":10,"column":48}},"7":{"start":{"line":11,"column":1},"end":{"line":33,"column":14}}},"branchMap":{"1":{"line":9,"type":"if","locations":[{"start":{"line":9,"column":1},"end":{"line":9,"column":1}},{"start":{"line":9,"column":1},"end":{"line":9,"column":1}}]},"2":{"line":10,"type":"binary-expr","locations":[{"start":{"line":10,"column":13},"end":{"line":10,"column":41}},{"start":{"line":10,"column":45},"end":{"line":10,"column":47}}]}},"code":["/*","\tMIT License http://www.opensource.org/licenses/mit-license.php","\tAuthor Tobias Koppers @sokra","*/","var loaderUtils = require(\"loader-utils\"),","\tpath = require(\"path\");","module.exports = function() {};","module.exports.pitch = function(remainingRequest) {","\tif(this.cacheable) this.cacheable();","\tvar query = loaderUtils.getOptions(this) || {};","\treturn [","\t\t\"// style-loader: Adds some css to the DOM by adding a <style> tag\",","\t\t\"\",","\t\t\"// load the styles\",","\t\t\"var content = require(\" + loaderUtils.stringifyRequest(this, \"!!\" + remainingRequest) + \");\",","\t\t\"if(typeof content === 'string') content = [[module.id, content, '']];\",","\t\t\"// add the styles to the DOM\",","\t\t\"var update = require(\" + loaderUtils.stringifyRequest(this, \"!\" + path.join(__dirname, \"addStyles.js\")) + \")(content, \" + JSON.stringify(query) + \");\",","\t\t\"if(content.locals) module.exports = content.locals;\",","\t\t\"// Hot Module Replacement\",","\t\t\"if(module.hot) {\",","\t\t\"\t// When the styles change, update the <style> tags\",","\t\t\"\tif(!content.locals) {\",","\t\t\"\t\tmodule.hot.accept(\" + loaderUtils.stringifyRequest(this, \"!!\" + remainingRequest) + \", function() {\",","\t\t\"\t\t\tvar newContent = require(\" + loaderUtils.stringifyRequest(this, \"!!\" + remainingRequest) + \");\",","\t\t\"\t\t\tif(typeof newContent === 'string') newContent = [[module.id, newContent, '']];\",","\t\t\"\t\t\tupdate(newContent);\",","\t\t\"\t\t});\",","\t\t\"\t}\",","\t\t\"\t// When the module is disposed, remove the <style> tags\",","\t\t\"\tmodule.hot.dispose(function() { update(); });\",","\t\t\"}\"","\t].join(\"\\n\");","};",""],"l":{"5":1,"7":1,"8":1,"9":0,"10":0,"11":0}},"/home/travis/build/npmtest/node-npmtest-style-loader/node_modules/style-loader/addStyles.js":{"path":"/home/travis/build/npmtest/node-npmtest-style-loader/node_modules/style-loader/addStyles.js","s":{"1":1,"2":1,"3":1,"4":0,"5":0,"6":0,"7":0,"8":1,"9":1,"10":0,"11":0,"12":0,"13":0,"14":1,"15":0,"16":0,"17":0,"18":0,"19":0,"20":0,"21":0,"22":0,"23":0,"24":0,"25":0,"26":0,"27":0,"28":0,"29":0,"30":0,"31":0,"32":0,"33":0,"34":0,"35":0,"36":0,"37":0,"38":0,"39":0,"40":0,"41":0,"42":0,"43":0,"44":1,"45":0,"46":0,"47":0,"48":0,"49":0,"50":0,"51":0,"52":0,"53":0,"54":0,"55":0,"56":0,"57":0,"58":1,"59":0,"60":0,"61":0,"62":0,"63":0,"64":0,"65":0,"66":0,"67":0,"68":0,"69":0,"70":0,"71":0,"72":1,"73":0,"74":0,"75":0,"76":0,"77":0,"78":0,"79":0,"80":0,"81":0,"82":0,"83":0,"84":0,"85":0,"86":0,"87":1,"88":0,"89":0,"90":0,"91":0,"92":1,"93":0,"94":0,"95":0,"96":0,"97":0,"98":1,"99":0,"100":0,"101":0,"102":0,"103":0,"104":0,"105":1,"106":0,"107":0,"108":1,"109":0,"110":0,"111":0,"112":0,"113":0,"114":0,"115":0,"116":0,"117":0,"118":0,"119":0,"120":0,"121":0,"122":0,"123":0,"124":0,"125":0,"126":0,"127":0,"128":0,"129":0,"130":0,"131":0,"132":0,"133":1,"134":1,"135":1,"136":0,"137":0,"138":1,"139":0,"140":0,"141":0,"142":0,"143":0,"144":0,"145":0,"146":0,"147":0,"148":0,"149":1,"150":0,"151":0,"152":0,"153":0,"154":0,"155":0,"156":0,"157":0,"158":0,"159":1,"160":0,"161":0,"162":0,"163":0,"164":0,"165":0,"166":0,"167":0,"168":0,"169":0,"170":0,"171":0},"b":{"1":[0,0],"2":[0,0,0,0],"3":[0,0],"4":[0,0],"5":[0,0],"6":[0,0],"7":[0,0],"8":[0,0],"9":[0,0],"10":[0,0],"11":[0,0],"12":[0,0],"13":[0,0],"14":[0,0],"15":[0,0],"16":[0,0],"17":[0,0],"18":[0,0],"19":[0,0],"20":[0,0],"21":[0,0],"22":[0,0],"23":[0,0],"24":[0,0],"25":[0,0,0,0,0,0],"26":[0,0],"27":[0,0],"28":[0,0],"29":[0,0,0],"30":[0,0],"31":[0,0],"32":[0,0],"33":[0,0],"34":[0,0],"35":[0,0],"36":[0,0],"37":[0,0],"38":[0,0],"39":[0,0],"40":[0,0]},"f":{"1":1,"2":0,"3":0,"4":1,"5":0,"6":0,"7":0,"8":0,"9":0,"10":0,"11":0,"12":0,"13":0,"14":0,"15":0,"16":0,"17":0,"18":0,"19":0,"20":0,"21":1,"22":0,"23":0,"24":0,"25":0},"fnMap":{"1":{"name":"(anonymous_1)","line":6,"loc":{"start":{"line":6,"column":11},"end":{"line":6,"column":24}}},"2":{"name":"(anonymous_2)","line":8,"loc":{"start":{"line":8,"column":9},"end":{"line":8,"column":21}}},"3":{"name":"(anonymous_3)","line":13,"loc":{"start":{"line":13,"column":19},"end":{"line":13,"column":30}}},"4":{"name":"(anonymous_4)","line":21,"loc":{"start":{"line":21,"column":15},"end":{"line":21,"column":28}}},"5":{"name":"(anonymous_5)","line":23,"loc":{"start":{"line":23,"column":9},"end":{"line":23,"column":28}}},"6":{"name":"(anonymous_6)","line":29,"loc":{"start":{"line":29,"column":4},"end":{"line":29,"column":27}}},"7":{"name":"(anonymous_7)","line":37,"loc":{"start":{"line":37,"column":17},"end":{"line":37,"column":41}}},"8":{"name":"update","line":58,"loc":{"start":{"line":58,"column":8},"end":{"line":58,"column":33}}},"9":{"name":"addStylesToDom","line":81,"loc":{"start":{"line":81,"column":0},"end":{"line":81,"column":41}}},"10":{"name":"listToStyles","line":103,"loc":{"start":{"line":103,"column":0},"end":{"line":103,"column":28}}},"11":{"name":"insertStyleElement","line":121,"loc":{"start":{"line":121,"column":0},"end":{"line":121,"column":51}}},"12":{"name":"removeStyleElement","line":143,"loc":{"start":{"line":143,"column":0},"end":{"line":143,"column":42}}},"13":{"name":"createStyleElement","line":151,"loc":{"start":{"line":151,"column":0},"end":{"line":151,"column":37}}},"14":{"name":"createLinkElement","line":160,"loc":{"start":{"line":160,"column":0},"end":{"line":160,"column":36}}},"15":{"name":"attachTagAttrs","line":170,"loc":{"start":{"line":170,"column":0},"end":{"line":170,"column":40}}},"16":{"name":"(anonymous_16)","line":171,"loc":{"start":{"line":171,"column":28},"end":{"line":171,"column":43}}},"17":{"name":"addStyle","line":176,"loc":{"start":{"line":176,"column":0},"end":{"line":176,"column":32}}},"18":{"name":"(anonymous_18)","line":192,"loc":{"start":{"line":192,"column":11},"end":{"line":192,"column":22}}},"19":{"name":"(anonymous_19)","line":200,"loc":{"start":{"line":200,"column":11},"end":{"line":200,"column":22}}},"20":{"name":"updateStyle","line":207,"loc":{"start":{"line":207,"column":8},"end":{"line":207,"column":37}}},"21":{"name":"(anonymous_21)","line":218,"loc":{"start":{"line":218,"column":19},"end":{"line":218,"column":31}}},"22":{"name":"(anonymous_22)","line":221,"loc":{"start":{"line":221,"column":8},"end":{"line":221,"column":38}}},"23":{"name":"applyToSingletonTag","line":227,"loc":{"start":{"line":227,"column":0},"end":{"line":227,"column":63}}},"24":{"name":"applyToTag","line":244,"loc":{"start":{"line":244,"column":0},"end":{"line":244,"column":39}}},"25":{"name":"updateLink","line":262,"loc":{"start":{"line":262,"column":0},"end":{"line":262,"column":47}}}},"statementMap":{"1":{"start":{"line":5,"column":0},"end":{"line":35,"column":32}},"2":{"start":{"line":7,"column":2},"end":{"line":7,"column":11}},"3":{"start":{"line":8,"column":2},"end":{"line":11,"column":4}},"4":{"start":{"line":9,"column":3},"end":{"line":9,"column":69}},"5":{"start":{"line":9,"column":36},"end":{"line":9,"column":69}},"6":{"start":{"line":10,"column":3},"end":{"line":10,"column":15}},"7":{"start":{"line":19,"column":2},"end":{"line":19,"column":60}},"8":{"start":{"line":22,"column":2},"end":{"line":22,"column":16}},"9":{"start":{"line":23,"column":2},"end":{"line":28,"column":4}},"10":{"start":{"line":24,"column":3},"end":{"line":26,"column":4}},"11":{"start":{"line":25,"column":4},"end":{"line":25,"column":45}},"12":{"start":{"line":27,"column":3},"end":{"line":27,"column":24}},"13":{"start":{"line":30,"column":2},"end":{"line":30,"column":44}},"14":{"start":{"line":37,"column":0},"end":{"line":79,"column":2}},"15":{"start":{"line":38,"column":1},"end":{"line":40,"column":2}},"16":{"start":{"line":39,"column":2},"end":{"line":39,"column":115}},"17":{"start":{"line":39,"column":35},"end":{"line":39,"column":115}},"18":{"start":{"line":42,"column":1},"end":{"line":42,"column":25}},"19":{"start":{"line":43,"column":1},"end":{"line":43,"column":72}},"20":{"start":{"line":47,"column":1},"end":{"line":47,"column":77}},"21":{"start":{"line":47,"column":47},"end":{"line":47,"column":77}},"22":{"start":{"line":50,"column":1},"end":{"line":50,"column":76}},"23":{"start":{"line":50,"column":48},"end":{"line":50,"column":76}},"24":{"start":{"line":53,"column":1},"end":{"line":53,"column":74}},"25":{"start":{"line":53,"column":46},"end":{"line":53,"column":74}},"26":{"start":{"line":55,"column":1},"end":{"line":55,"column":33}},"27":{"start":{"line":56,"column":1},"end":{"line":56,"column":33}},"28":{"start":{"line":58,"column":1},"end":{"line":78,"column":3}},"29":{"start":{"line":59,"column":2},"end":{"line":59,"column":21}},"30":{"start":{"line":60,"column":2},"end":{"line":65,"column":3}},"31":{"start":{"line":61,"column":3},"end":{"line":61,"column":24}},"32":{"start":{"line":62,"column":3},"end":{"line":62,"column":39}},"33":{"start":{"line":63,"column":3},"end":{"line":63,"column":19}},"34":{"start":{"line":64,"column":3},"end":{"line":64,"column":28}},"35":{"start":{"line":66,"column":2},"end":{"line":69,"column":3}},"36":{"start":{"line":67,"column":3},"end":{"line":67,"column":41}},"37":{"start":{"line":68,"column":3},"end":{"line":68,"column":38}},"38":{"start":{"line":70,"column":2},"end":{"line":77,"column":3}},"39":{"start":{"line":71,"column":3},"end":{"line":71,"column":31}},"40":{"start":{"line":72,"column":3},"end":{"line":76,"column":4}},"41":{"start":{"line":73,"column":4},"end":{"line":74,"column":25}},"42":{"start":{"line":74,"column":5},"end":{"line":74,"column":25}},"43":{"start":{"line":75,"column":4},"end":{"line":75,"column":36}},"44":{"start":{"line":81,"column":0},"end":{"line":101,"column":1}},"45":{"start":{"line":82,"column":1},"end":{"line":100,"column":2}},"46":{"start":{"line":83,"column":2},"end":{"line":83,"column":23}},"47":{"start":{"line":84,"column":2},"end":{"line":84,"column":38}},"48":{"start":{"line":85,"column":2},"end":{"line":99,"column":3}},"49":{"start":{"line":86,"column":3},"end":{"line":86,"column":19}},"50":{"start":{"line":87,"column":3},"end":{"line":89,"column":4}},"51":{"start":{"line":88,"column":4},"end":{"line":88,"column":37}},"52":{"start":{"line":90,"column":3},"end":{"line":92,"column":4}},"53":{"start":{"line":91,"column":4},"end":{"line":91,"column":58}},"54":{"start":{"line":94,"column":3},"end":{"line":94,"column":18}},"55":{"start":{"line":95,"column":3},"end":{"line":97,"column":4}},"56":{"start":{"line":96,"column":4},"end":{"line":96,"column":49}},"57":{"start":{"line":98,"column":3},"end":{"line":98,"column":63}},"58":{"start":{"line":103,"column":0},"end":{"line":119,"column":1}},"59":{"start":{"line":104,"column":1},"end":{"line":104,"column":17}},"60":{"start":{"line":105,"column":1},"end":{"line":105,"column":20}},"61":{"start":{"line":106,"column":1},"end":{"line":117,"column":2}},"62":{"start":{"line":107,"column":2},"end":{"line":107,"column":21}},"63":{"start":{"line":108,"column":2},"end":{"line":108,"column":19}},"64":{"start":{"line":109,"column":2},"end":{"line":109,"column":20}},"65":{"start":{"line":110,"column":2},"end":{"line":110,"column":22}},"66":{"start":{"line":111,"column":2},"end":{"line":111,"column":26}},"67":{"start":{"line":112,"column":2},"end":{"line":112,"column":60}},"68":{"start":{"line":113,"column":2},"end":{"line":116,"column":34}},"69":{"start":{"line":114,"column":3},"end":{"line":114,"column":56}},"70":{"start":{"line":116,"column":3},"end":{"line":116,"column":34}},"71":{"start":{"line":118,"column":1},"end":{"line":118,"column":15}},"72":{"start":{"line":121,"column":0},"end":{"line":141,"column":1}},"73":{"start":{"line":122,"column":1},"end":{"line":122,"column":49}},"74":{"start":{"line":123,"column":1},"end":{"line":125,"column":2}},"75":{"start":{"line":124,"column":2},"end":{"line":124,"column":129}},"76":{"start":{"line":126,"column":1},"end":{"line":126,"column":103}},"77":{"start":{"line":127,"column":1},"end":{"line":140,"column":2}},"78":{"start":{"line":128,"column":2},"end":{"line":134,"column":3}},"79":{"start":{"line":129,"column":3},"end":{"line":129,"column":66}},"80":{"start":{"line":130,"column":9},"end":{"line":134,"column":3}},"81":{"start":{"line":131,"column":3},"end":{"line":131,"column":85}},"82":{"start":{"line":133,"column":3},"end":{"line":133,"column":41}},"83":{"start":{"line":135,"column":2},"end":{"line":135,"column":48}},"84":{"start":{"line":136,"column":8},"end":{"line":140,"column":2}},"85":{"start":{"line":137,"column":2},"end":{"line":137,"column":40}},"86":{"start":{"line":139,"column":2},"end":{"line":139,"column":88}},"87":{"start":{"line":143,"column":0},"end":{"line":149,"column":1}},"88":{"start":{"line":144,"column":1},"end":{"line":144,"column":51}},"89":{"start":{"line":145,"column":1},"end":{"line":145,"column":60}},"90":{"start":{"line":146,"column":1},"end":{"line":148,"column":2}},"91":{"start":{"line":147,"column":2},"end":{"line":147,"column":44}},"92":{"start":{"line":151,"column":0},"end":{"line":158,"column":1}},"93":{"start":{"line":152,"column":1},"end":{"line":152,"column":52}},"94":{"start":{"line":153,"column":1},"end":{"line":153,"column":33}},"95":{"start":{"line":155,"column":1},"end":{"line":155,"column":45}},"96":{"start":{"line":156,"column":1},"end":{"line":156,"column":43}},"97":{"start":{"line":157,"column":1},"end":{"line":157,"column":21}},"98":{"start":{"line":160,"column":0},"end":{"line":168,"column":1}},"99":{"start":{"line":161,"column":1},"end":{"line":161,"column":50}},"100":{"start":{"line":162,"column":1},"end":{"line":162,"column":33}},"101":{"start":{"line":163,"column":1},"end":{"line":163,"column":34}},"102":{"start":{"line":165,"column":1},"end":{"line":165,"column":44}},"103":{"start":{"line":166,"column":1},"end":{"line":166,"column":42}},"104":{"start":{"line":167,"column":1},"end":{"line":167,"column":20}},"105":{"start":{"line":170,"column":0},"end":{"line":174,"column":1}},"106":{"start":{"line":171,"column":1},"end":{"line":173,"column":4}},"107":{"start":{"line":172,"column":2},"end":{"line":172,"column":40}},"108":{"start":{"line":176,"column":0},"end":{"line":216,"column":1}},"109":{"start":{"line":177,"column":1},"end":{"line":177,"column":34}},"110":{"start":{"line":179,"column":1},"end":{"line":203,"column":2}},"111":{"start":{"line":180,"column":2},"end":{"line":180,"column":38}},"112":{"start":{"line":181,"column":2},"end":{"line":181,"column":86}},"113":{"start":{"line":182,"column":2},"end":{"line":182,"column":75}},"114":{"start":{"line":183,"column":2},"end":{"line":183,"column":74}},"115":{"start":{"line":184,"column":8},"end":{"line":203,"column":2}},"116":{"start":{"line":190,"column":2},"end":{"line":190,"column":44}},"117":{"start":{"line":191,"column":2},"end":{"line":191,"column":56}},"118":{"start":{"line":192,"column":2},"end":{"line":196,"column":4}},"119":{"start":{"line":193,"column":3},"end":{"line":193,"column":36}},"120":{"start":{"line":194,"column":3},"end":{"line":195,"column":43}},"121":{"start":{"line":195,"column":4},"end":{"line":195,"column":43}},"122":{"start":{"line":198,"column":2},"end":{"line":198,"column":45}},"123":{"start":{"line":199,"column":2},"end":{"line":199,"column":47}},"124":{"start":{"line":200,"column":2},"end":{"line":202,"column":4}},"125":{"start":{"line":201,"column":3},"end":{"line":201,"column":36}},"126":{"start":{"line":205,"column":1},"end":{"line":205,"column":13}},"127":{"start":{"line":207,"column":1},"end":{"line":215,"column":3}},"128":{"start":{"line":208,"column":2},"end":{"line":214,"column":3}},"129":{"start":{"line":209,"column":3},"end":{"line":210,"column":11}},"130":{"start":{"line":210,"column":4},"end":{"line":210,"column":11}},"131":{"start":{"line":211,"column":3},"end":{"line":211,"column":24}},"132":{"start":{"line":213,"column":3},"end":{"line":213,"column":12}},"133":{"start":{"line":218,"column":0},"end":{"line":225,"column":5}},"134":{"start":{"line":219,"column":1},"end":{"line":219,"column":20}},"135":{"start":{"line":221,"column":1},"end":{"line":224,"column":3}},"136":{"start":{"line":222,"column":2},"end":{"line":222,"column":33}},"137":{"start":{"line":223,"column":2},"end":{"line":223,"column":46}},"138":{"start":{"line":227,"column":0},"end":{"line":242,"column":1}},"139":{"start":{"line":228,"column":1},"end":{"line":228,"column":33}},"140":{"start":{"line":230,"column":1},"end":{"line":241,"column":2}},"141":{"start":{"line":231,"column":2},"end":{"line":231,"column":60}},"142":{"start":{"line":233,"column":2},"end":{"line":233,"column":45}},"143":{"start":{"line":234,"column":2},"end":{"line":234,"column":43}},"144":{"start":{"line":235,"column":2},"end":{"line":235,"column":69}},"145":{"start":{"line":235,"column":25},"end":{"line":235,"column":69}},"146":{"start":{"line":236,"column":2},"end":{"line":240,"column":3}},"147":{"start":{"line":237,"column":3},"end":{"line":237,"column":57}},"148":{"start":{"line":239,"column":3},"end":{"line":239,"column":37}},"149":{"start":{"line":244,"column":0},"end":{"line":260,"column":1}},"150":{"start":{"line":245,"column":1},"end":{"line":245,"column":19}},"151":{"start":{"line":246,"column":1},"end":{"line":246,"column":23}},"152":{"start":{"line":248,"column":1},"end":{"line":250,"column":2}},"153":{"start":{"line":249,"column":2},"end":{"line":249,"column":43}},"154":{"start":{"line":252,"column":1},"end":{"line":259,"column":2}},"155":{"start":{"line":253,"column":2},"end":{"line":253,"column":40}},"156":{"start":{"line":255,"column":2},"end":{"line":257,"column":3}},"157":{"start":{"line":256,"column":3},"end":{"line":256,"column":53}},"158":{"start":{"line":258,"column":2},"end":{"line":258,"column":57}},"159":{"start":{"line":262,"column":0},"end":{"line":290,"column":1}},"160":{"start":{"line":263,"column":1},"end":{"line":263,"column":19}},"161":{"start":{"line":264,"column":1},"end":{"line":264,"column":31}},"162":{"start":{"line":271,"column":1},"end":{"line":271,"column":76}},"163":{"start":{"line":273,"column":1},"end":{"line":275,"column":2}},"164":{"start":{"line":274,"column":2},"end":{"line":274,"column":21}},"165":{"start":{"line":277,"column":1},"end":{"line":280,"column":2}},"166":{"start":{"line":279,"column":2},"end":{"line":279,"column":136}},"167":{"start":{"line":282,"column":1},"end":{"line":282,"column":50}},"168":{"start":{"line":284,"column":1},"end":{"line":284,"column":31}},"169":{"start":{"line":286,"column":1},"end":{"line":286,"column":46}},"170":{"start":{"line":288,"column":1},"end":{"line":289,"column":30}},"171":{"start":{"line":289,"column":2},"end":{"line":289,"column":30}}},"branchMap":{"1":{"line":9,"type":"if","locations":[{"start":{"line":9,"column":3},"end":{"line":9,"column":3}},{"start":{"line":9,"column":3},"end":{"line":9,"column":3}}]},"2":{"line":19,"type":"binary-expr","locations":[{"start":{"line":19,"column":9},"end":{"line":19,"column":15}},{"start":{"line":19,"column":19},"end":{"line":19,"column":27}},{"start":{"line":19,"column":31},"end":{"line":19,"column":43}},{"start":{"line":19,"column":47},"end":{"line":19,"column":59}}]},"3":{"line":24,"type":"if","locations":[{"start":{"line":24,"column":3},"end":{"line":24,"column":3}},{"start":{"line":24,"column":3},"end":{"line":24,"column":3}}]},"4":{"line":38,"type":"if","locations":[{"start":{"line":38,"column":1},"end":{"line":38,"column":1}},{"start":{"line":38,"column":1},"end":{"line":38,"column":1}}]},"5":{"line":38,"type":"binary-expr","locations":[{"start":{"line":38,"column":4},"end":{"line":38,"column":32}},{"start":{"line":38,"column":36},"end":{"line":38,"column":41}}]},"6":{"line":39,"type":"if","locations":[{"start":{"line":39,"column":2},"end":{"line":39,"column":2}},{"start":{"line":39,"column":2},"end":{"line":39,"column":2}}]},"7":{"line":42,"type":"binary-expr","locations":[{"start":{"line":42,"column":11},"end":{"line":42,"column":18}},{"start":{"line":42,"column":22},"end":{"line":42,"column":24}}]},"8":{"line":43,"type":"cond-expr","locations":[{"start":{"line":43,"column":53},"end":{"line":43,"column":66}},{"start":{"line":43,"column":69},"end":{"line":43,"column":71}}]},"9":{"line":47,"type":"if","locations":[{"start":{"line":47,"column":1},"end":{"line":47,"column":1}},{"start":{"line":47,"column":1},"end":{"line":47,"column":1}}]},"10":{"line":50,"type":"if","locations":[{"start":{"line":50,"column":1},"end":{"line":50,"column":1}},{"start":{"line":50,"column":1},"end":{"line":50,"column":1}}]},"11":{"line":53,"type":"if","locations":[{"start":{"line":53,"column":1},"end":{"line":53,"column":1}},{"start":{"line":53,"column":1},"end":{"line":53,"column":1}}]},"12":{"line":66,"type":"if","locations":[{"start":{"line":66,"column":2},"end":{"line":66,"column":2}},{"start":{"line":66,"column":2},"end":{"line":66,"column":2}}]},"13":{"line":72,"type":"if","locations":[{"start":{"line":72,"column":3},"end":{"line":72,"column":3}},{"start":{"line":72,"column":3},"end":{"line":72,"column":3}}]},"14":{"line":85,"type":"if","locations":[{"start":{"line":85,"column":2},"end":{"line":85,"column":2}},{"start":{"line":85,"column":2},"end":{"line":85,"column":2}}]},"15":{"line":113,"type":"if","locations":[{"start":{"line":113,"column":2},"end":{"line":113,"column":2}},{"start":{"line":113,"column":2},"end":{"line":113,"column":2}}]},"16":{"line":123,"type":"if","locations":[{"start":{"line":123,"column":1},"end":{"line":123,"column":1}},{"start":{"line":123,"column":1},"end":{"line":123,"column":1}}]},"17":{"line":127,"type":"if","locations":[{"start":{"line":127,"column":1},"end":{"line":127,"column":1}},{"start":{"line":127,"column":1},"end":{"line":127,"column":1}}]},"18":{"line":128,"type":"if","locations":[{"start":{"line":128,"column":2},"end":{"line":128,"column":2}},{"start":{"line":128,"column":2},"end":{"line":128,"column":2}}]},"19":{"line":130,"type":"if","locations":[{"start":{"line":130,"column":9},"end":{"line":130,"column":9}},{"start":{"line":130,"column":9},"end":{"line":130,"column":9}}]},"20":{"line":136,"type":"if","locations":[{"start":{"line":136,"column":8},"end":{"line":136,"column":8}},{"start":{"line":136,"column":8},"end":{"line":136,"column":8}}]},"21":{"line":146,"type":"if","locations":[{"start":{"line":146,"column":1},"end":{"line":146,"column":1}},{"start":{"line":146,"column":1},"end":{"line":146,"column":1}}]},"22":{"line":179,"type":"if","locations":[{"start":{"line":179,"column":1},"end":{"line":179,"column":1}},{"start":{"line":179,"column":1},"end":{"line":179,"column":1}}]},"23":{"line":181,"type":"binary-expr","locations":[{"start":{"line":181,"column":17},"end":{"line":181,"column":33}},{"start":{"line":181,"column":38},"end":{"line":181,"column":84}}]},"24":{"line":184,"type":"if","locations":[{"start":{"line":184,"column":8},"end":{"line":184,"column":8}},{"start":{"line":184,"column":8},"end":{"line":184,"column":8}}]},"25":{"line":184,"type":"binary-expr","locations":[{"start":{"line":184,"column":11},"end":{"line":184,"column":24}},{"start":{"line":185,"column":2},"end":{"line":185,"column":27}},{"start":{"line":186,"column":2},"end":{"line":186,"column":43}},{"start":{"line":187,"column":2},"end":{"line":187,"column":43}},{"start":{"line":188,"column":2},"end":{"line":188,"column":28}},{"start":{"line":189,"column":2},"end":{"line":189,"column":28}}]},"26":{"line":194,"type":"if","locations":[{"start":{"line":194,"column":3},"end":{"line":194,"column":3}},{"start":{"line":194,"column":3},"end":{"line":194,"column":3}}]},"27":{"line":208,"type":"if","locations":[{"start":{"line":208,"column":2},"end":{"line":208,"column":2}},{"start":{"line":208,"column":2},"end":{"line":208,"column":2}}]},"28":{"line":209,"type":"if","locations":[{"start":{"line":209,"column":3},"end":{"line":209,"column":3}},{"start":{"line":209,"column":3},"end":{"line":209,"column":3}}]},"29":{"line":209,"type":"binary-expr","locations":[{"start":{"line":209,"column":6},"end":{"line":209,"column":28}},{"start":{"line":209,"column":32},"end":{"line":209,"column":58}},{"start":{"line":209,"column":62},"end":{"line":209,"column":96}}]},"30":{"line":228,"type":"cond-expr","locations":[{"start":{"line":228,"column":20},"end":{"line":228,"column":22}},{"start":{"line":228,"column":25},"end":{"line":228,"column":32}}]},"31":{"line":230,"type":"if","locations":[{"start":{"line":230,"column":1},"end":{"line":230,"column":1}},{"start":{"line":230,"column":1},"end":{"line":230,"column":1}}]},"32":{"line":235,"type":"if","locations":[{"start":{"line":235,"column":2},"end":{"line":235,"column":2}},{"start":{"line":235,"column":2},"end":{"line":235,"column":2}}]},"33":{"line":236,"type":"if","locations":[{"start":{"line":236,"column":2},"end":{"line":236,"column":2}},{"start":{"line":236,"column":2},"end":{"line":236,"column":2}}]},"34":{"line":248,"type":"if","locations":[{"start":{"line":248,"column":1},"end":{"line":248,"column":1}},{"start":{"line":248,"column":1},"end":{"line":248,"column":1}}]},"35":{"line":252,"type":"if","locations":[{"start":{"line":252,"column":1},"end":{"line":252,"column":1}},{"start":{"line":252,"column":1},"end":{"line":252,"column":1}}]},"36":{"line":271,"type":"binary-expr","locations":[{"start":{"line":271,"column":19},"end":{"line":271,"column":62}},{"start":{"line":271,"column":66},"end":{"line":271,"column":75}}]},"37":{"line":273,"type":"if","locations":[{"start":{"line":273,"column":1},"end":{"line":273,"column":1}},{"start":{"line":273,"column":1},"end":{"line":273,"column":1}}]},"38":{"line":273,"type":"binary-expr","locations":[{"start":{"line":273,"column":5},"end":{"line":273,"column":34}},{"start":{"line":273,"column":38},"end":{"line":273,"column":49}}]},"39":{"line":277,"type":"if","locations":[{"start":{"line":277,"column":1},"end":{"line":277,"column":1}},{"start":{"line":277,"column":1},"end":{"line":277,"column":1}}]},"40":{"line":288,"type":"if","locations":[{"start":{"line":288,"column":1},"end":{"line":288,"column":1}},{"start":{"line":288,"column":1},"end":{"line":288,"column":1}}]}},"code":["/*","\tMIT License http://www.opensource.org/licenses/mit-license.php","\tAuthor Tobias Koppers @sokra","*/","var stylesInDom = {},","\tmemoize = function(fn) {","\t\tvar memo;","\t\treturn function () {","\t\t\tif (typeof memo === \"undefined\") memo = fn.apply(this, arguments);","\t\t\treturn memo;","\t\t};","\t},","\tisOldIE = memoize(function() {","\t\t// Test for IE <= 9 as proposed by Browserhacks","\t\t// @see http://browserhacks.com/#hack-e71d8692f65334173fee715c222cb805","\t\t// Tests for existence of standard globals is to allow style-loader ","\t\t// to operate correctly into non-standard environments","\t\t// @see https://github.com/webpack-contrib/style-loader/issues/177","\t\treturn window && document && document.all && !window.atob;","\t}),","\tgetElement = (function(fn) {","\t\tvar memo = {};","\t\treturn function(selector) {","\t\t\tif (typeof memo[selector] === \"undefined\") {","\t\t\t\tmemo[selector] = fn.call(this, selector);","\t\t\t}","\t\t\treturn memo[selector]","\t\t};","\t})(function (styleTarget) {","\t\treturn document.querySelector(styleTarget)","\t}),","\tsingletonElement = null,","\tsingletonCounter = 0,","\tstyleElementsInsertedAtTop = [],","\tfixUrls = require(\"./fixUrls\");","","module.exports = function(list, options) {","\tif(typeof DEBUG !== \"undefined\" && DEBUG) {","\t\tif(typeof document !== \"object\") throw new Error(\"The style-loader cannot be used in a non-browser environment\");","\t}","","\toptions = options || {};","\toptions.attrs = typeof options.attrs === \"object\" ? options.attrs : {};","","\t// Force single-tag solution on IE6-9, which has a hard limit on the # of <style>","\t// tags it will allow on a page","\tif (typeof options.singleton === \"undefined\") options.singleton = isOldIE();","","\t// By default, add <style> tags to the <head> element","\tif (typeof options.insertInto === \"undefined\") options.insertInto = \"head\";","","\t// By default, add <style> tags to the bottom of the target","\tif (typeof options.insertAt === \"undefined\") options.insertAt = \"bottom\";","","\tvar styles = listToStyles(list);","\taddStylesToDom(styles, options);","","\treturn function update(newList) {","\t\tvar mayRemove = [];","\t\tfor(var i = 0; i < styles.length; i++) {","\t\t\tvar item = styles[i];","\t\t\tvar domStyle = stylesInDom[item.id];","\t\t\tdomStyle.refs--;","\t\t\tmayRemove.push(domStyle);","\t\t}","\t\tif(newList) {","\t\t\tvar newStyles = listToStyles(newList);","\t\t\taddStylesToDom(newStyles, options);","\t\t}","\t\tfor(var i = 0; i < mayRemove.length; i++) {","\t\t\tvar domStyle = mayRemove[i];","\t\t\tif(domStyle.refs === 0) {","\t\t\t\
[...]
"\t\tstyleElement.styleSheet.cssText = css;","\t} else {","\t\twhile(styleElement.firstChild) {","\t\t\tstyleElement.removeChild(styleElement.firstChild);","\t\t}","\t\tstyleElement.appendChild(document.createTextNode(css));","\t}","}","","function updateLink(linkElement, options, obj) {","\tvar css = obj.css;","\tvar sourceMap = obj.sourceMap;","","\t/* If convertToAbsoluteUrls isn't defined, but sourcemaps are enabled","\tand there is no publicPath defined then lets turn convertToAbsoluteUrls","\ton by default.  Otherwise default to the convertToAbsoluteUrls option","\tdirectly","\t*/","\tvar autoFixUrls = options.convertToAbsoluteUrls === undefined && sourceMap;","","\tif (options.convertToAbsoluteUrls || autoFixUrls){","\t\tcss = fixUrls(css);","\t}","","\tif(sourceMap) {","\t\t// http://stackoverflow.com/a/26603875","\t\tcss += \"\\n/*# sourceMappingURL=data:application/json;base64,\" + btoa(unescape(encodeURIComponent(JSON.stringify(sourceMap)))) + \" */\";","\t}","","\tvar blob = new Blob([css], { type: \"text/css\" });","","\tvar oldSrc = linkElement.href;","","\tlinkElement.href = URL.createObjectURL(blob);","","\tif(oldSrc)","\t\tURL.revokeObjectURL(oldSrc);","}",""],"l":{"5":1,"7":1,"8":1,"9":0,"10":0,"19":0,"22":1,"23":1,"24":0,"25":0,"27":0,"30":0,"37":1,"38":0,"39":0,"42":0,"43":0,"47":0,"50":0,"53":0,"55":0,"56":0,"58":0,"59":0,"60":0,"61":0,"62":0,"63":0,"64":0,"66":0,"67":0,"68":0,"70":0,"71":0,"72":0,"73":0,"74":0,"75":0,"81":1,"82":0,"83":0,"84":0,"85":0,"86":0,"87":0,"88":0,"90":0,"91":0,"94":0,"95":0,"96":0,"98":0,"103":1,"104":0,"105":0,"106":0,"107":0,"108":0,"109":0,"110":0,"111":0,"112":0,"113":0,"114":0,"116":0,"118":0,"121":1,"122":0,"123":0,"124":0,"126":0,"127":0,"128":0,"129":0,"130":0,"131":0,"133":0,"135":0,"136":0,"137":0,"139":0,"143":1,"144":0,"145":0,"146":0,"147":0,"151":1,"152":0,"153":0,"155":0,"156":0,"157":0,"160":1,"161":0,"162":0,"163":0,"165":0,"166":0,"167":0,"170":1,"171":0,"172":0,"176":1,"177":0,"179":0,"180":0,"181":0,"182":0,"183":0,"184":0,"190":0,"191":0,"192":0,"193":0,"194":0,"195":0,"198":0,"199":0,"200":0,"201":0,"205":0,"207":0,"208":0,"209":0,"210":0,"211":0,"213":0,"218":1,"219":1,"221":1,"222":0,"223":0,"227":1,"228":0,"230":0,"231":0,"233":0,"234":0,"235":0,"236":0,"237":0,"239":0,"244":1,"245":0,"246":0,"248":0,"249":0,"252":0,"253":0,"255":0,"256":0,"258":0,"262":1,"263":0,"264":0,"271":0,"273":0,"274":0,"277":0,"279":0,"282":0,"284":0,"286":0,"288":0,"289":0}},"/home/travis/build/npmtest/node-npmtest-style-loader/node_modules/style-loader/fixUrls.js":{"path":"/home/travis/build/npmtest/node-npmtest-style-loader/node_modules/style-loader/fixUrls.js","s":{"1":1,"2":0,"3":0,"4":0,"5":0,"6":0,"7":0,"8":0,"9":0,"10":0,"11":0,"12":0,"13":0,"14":0,"15":0,"16":0,"17":0,"18":0,"19":0,"20":0,"21":0,"22":0},"b":{"1":[0,0],"2":[0,0],"3":[0,0],"4":[0,0],"5":[0,0],"6":[0,0],"7":[0,0]},"f":{"1":0,"2":0,"3":0,"4":0},"fnMap":{"1":{"name":"(anonymous_1)","line":15,"loc":{"start":{"line":15,"column":17},"end":{"line":15,"column":32}}},"2":{"name":"(anonymous_2)","line":57,"loc":{"start":{"line":57,"column":83},"end":{"line":57,"column":112}}},"3":{"name":"(anonymous_3)","line":61,"loc":{"start":{"line":61,"column":24},"end":{"line":61,"column":39}}},"4":{"name":"(anonymous_4)","line":62,"loc":{"start":{"line":62,"column":24},"end":{"line":62,"column":39}}}},"statementMap":{"1":{"start":{"line":15,"column":0},"end":{"line":89,"column":2}},"2":{"start":{"line":17,"column":2},"end":{"line":17,"column":66}},"3":{"start":{"line":19,"column":2},"end":{"line":21,"column":3}},"4":{"start":{"line":20,"column":4},"end":{"line":20,"column":56}},"5":{"start":{"line":24,"column":1},"end":{"line":26,"column":3}},"6":{"start":{"line":25,"column":3},"end":{"line":25,"column":14}},"7":{"start":{"line":28,"column":2},"end":{"line":28,"column":57}},"8":{"start":{"line":29,"column":2},"end":{"line":29,"column":73}},"9":{"start":{"line":57,"column":1},"end":{"line":85,"column":4}},"10":{"start":{"line":59,"column":2},"end":{"line":62,"column":55}},"11":{"start":{"line":61,"column":41},"end":{"line":61,"column":51}},"12":{"start":{"line":62,"column":41},"end":{"line":62,"column":51}},"13":{"start":{"line":65,"column":2},"end":{"line":67,"column":3}},"14":{"start":{"line":66,"column":4},"end":{"line":66,"column":21}},"15":{"start":{"line":70,"column":2},"end":{"line":70,"column":13}},"16":{"start":{"line":72,"column":2},"end":{"line":81,"column":3}},"17":{"start":{"line":74,"column":3},"end":{"line":74,"column":28}},"18":{"start":{"line":75,"column":9},"end":{"line":81,"column":3}},"19":{"start":{"line":77,"column":3},"end":{"line":77,"column":38}},"20":{"start":{"line":80,"column":3},"end":{"line":80,"column":62}},"21":{"start":{"line":84,"column":2},"end":{"line":84,"column":47}},"22":{"start":{"line":88,"column":1},"end":{"line":88,"column":17}}},"branchMap":{"1":{"line":17,"type":"binary-expr","locations":[{"start":{"line":17,"column":17},"end":{"line":17,"column":46}},{"start":{"line":17,"column":50},"end":{"line":17,"column":65}}]},"2":{"line":19,"type":"if","locations":[{"start":{"line":19,"column":2},"end":{"line":19,"column":2}},{"start":{"line":19,"column":2},"end":{"line":19,"column":2}}]},"3":{"line":24,"type":"if","locations":[{"start":{"line":24,"column":1},"end":{"line":24,"column":1}},{"start":{"line":24,"column":1},"end":{"line":24,"column":1}}]},"4":{"line":24,"type":"binary-expr","locations":[{"start":{"line":24,"column":5},"end":{"line":24,"column":9}},{"start":{"line":24,"column":13},"end":{"line":24,"column":36}}]},"5":{"line":65,"type":"if","locations":[{"start":{"line":65,"column":2},"end":{"line":65,"column":2}},{"start":{"line":65,"column":2},"end":{"line":65,"column":2}}]},"6":{"line":72,"type":"if","locations":[{"start":{"line":72,"column":2},"end":{"line":72,"column":2}},{"start":{"line":72,"column":2},"end":{"line":72,"column":2}}]},"7":{"line":75,"type":"if","locations":[{"start":{"line":75,"column":9},"end":{"line":75,"column":9}},{"start":{"line":75,"column":9},"end":{"line":75,"column":9}}]}},"code":["","/**"," * When source maps are enabled, `style-loader` uses a link element with a data-uri to"," * embed the css on the page. This breaks all relative urls because now they are relative to a"," * bundle instead of the current page."," *"," * One solution is to only use full urls, but that may be impossible."," *"," * Instead, this function \"fixes\" the relative urls to be absolute according to the current page location."," *"," * A rudimentary test suite is located at `test/fixUrls.js` and can be run via the `npm test` command."," *"," */","","module.exports = function (css) {","  // get current location","  var location = typeof window !== \"undefined\" && window.location;","","  if (!location) {","    throw new Error(\"fixUrls requires window.location\");","  }","","\t// blank or null?","\tif (!css || typeof css !== \"string\") {","\t  return css;","  }","","  var baseUrl = location.protocol + \"//\" + location.host;","  var currentDir = baseUrl + location.pathname.replace(/\\/[^\\/]*$/, \"/\");","","\t// convert each url(...)","\t/*","\tThis regular expression is just a way to recursively match brackets within","\ta string.","","\t /url\\s*\\(  = Match on the word \"url\" with any whitespace after it and then a parens","\t   (  = Start a capturing group","\t     (?:  = Start a non-capturing group","\t         [^)(]  = Match anything that isn't a parentheses","\t         |  = OR","\t         \\(  = Match a start parentheses","\t             (?:  = Start another non-capturing groups","\t                 [^)(]+  = Match anything that isn't a parentheses","\t                 |  = OR","\t                 \\(  = Match a start parentheses","\t                     [^)(]*  = Match anything that isn't a parentheses","\t                 \\)  = Match a end parentheses","\t             )  = End Group","              *\\) = Match anything and then a close parens","          )  = Close non-capturing group","          *  = Match anything","       )  = Close capturing group","\t \\)  = Match a close parens","","\t /gi  = Get all matches, not the first.  Be case insensitive.","\t */","\tvar fixedCss = css.replace(/url\\s*\\(((?:[^)(]|\\((?:[^)(]+|\\([^)(]*\\))*\\))*)\\)/gi, function(fullMatch, origUrl) {","\t\t// strip quotes (if they exist)","\t\tvar unquotedOrigUrl = origUrl","\t\t\t.trim()","\t\t\t.replace(/^\"(.*)\"$/, function(o, $1){ return $1; })","\t\t\t.replace(/^'(.*)'$/, function(o, $1){ return $1; });","","\t\t// already a full url? no change","\t\tif (/^(#|data:|http:\\/\\/|https:\\/\\/|file:\\/\\/\\/)/i.test(unquotedOrigUrl)) {","\t\t  return fullMatch;","\t\t}","","\t\t// convert the url to a full url","\t\tvar newUrl;","","\t\tif (unquotedOrigUrl.indexOf(\"//\") === 0) {","\t\t  \t//TODO: should we add protocol?","\t\t\tnewUrl = unquotedOrigUrl;","\t\t} else if (unquotedOrigUrl.indexOf(\"/\") === 0) {","\t\t\t// path should be relative to the base url","\t\t\tnewUrl = baseUrl + unquotedOrigUrl; // already starts with '/'","\t\t} else {","\t\t\t// path should be relative to current directory","\t\t\tnewUrl = currentDir + unquotedOrigUrl.replace(/^\\.\\//, \"\"); // Strip leading './'","\t\t}","","\t\t// send back the fixed url(...)","\t\treturn \"url(\" + JSON.stringify(newUrl) + \")\";","\t});","","\t// send back the fixed css","\treturn fixedCss;","};",""],"l":{"15":1,"17":0,"19":0,"20":0,"24":0,"25":0,"28":0,"29":0,"57":0,"59":0,"61":0,"62":0,"65":0,"66":0,"70":0,"72":0,"74":0,"75":0,"77":0,"80":0,"84":0,"88":0}},"/home/travis/build/npmtest/node-npmtest-style-loader/node_modules/style-loader/addStyleUrl.js":{"path":"/home/travis/build/npmtest/node-npmtest-style-loader/node_modules/style-loader/addStyleUrl.js","s":{"1":1,"2":0,"3":0,"4":1,"5":0,"6":0,"7":0,"8":0,"9":0,"10":0,"11":0,"12":0,"13":0,"14":0,"15":0,"16":0,"17":0,"18":0,"19":0,"20":0,"21":0},"b":{"1":[0,0],"2":[0,0],"3":[0,0],"4":[0,0],"5":[0,0],"6":[0,0],"7":[0,0]},"f":{"1":0,"2":0,"3":0,"4":0},"fnMap":{"1":{"name":"attachTagAttrs","line":6,"loc":{"start":{"line":6,"column":0},"end":{"line":6,"column":40}}},"2":{"name":"(anonymous_2)","line":7,"loc":{"start":{"line":7,"column":28},"end":{"line":7,"column":43}}},"3":{"name":"addStyleUrl","line":12,"loc":{"start":{"line":12,"column":17},"end":{"line":12,"column":55}}},"4":{"name":"(anonymous_4)","line":30,"loc":{"start":{"line":30,"column":9},"end":{"line":30,"column":26}}}},"statementMap":{"1":{"start":{"line":6,"column":0},"end":{"line":10,"column":1}},"2":{"start":{"line":7,"column":1},"end":{"line":9,"column":4}},"3":{"start":{"line":8,"column":2},"end":{"line":8,"column":40}},"4":{"start":{"line":12,"column":0},"end":{"line":38,"column":1}},"5":{"start":{"line":13,"column":1},"end":{"line":15,"column":2}},"6":{"start":{"line":14,"column":2},"end":{"line":14,"column":115}},"7":{"start":{"line":14,"column":35},"end":{"line":14,"column":115}},"8":{"start":{"line":17,"column":1},"end":{"line":17,"column":25}},"9":{"start":{"line":18,"column":1},"end":{"line":18,"column":72}},"10":{"start":{"line":20,"column":1},"end":{"line":20,"column":51}},"11":{"start":{"line":21,"column":1},"end":{"line":21,"column":33}},"12":{"start":{"line":22,"column":1},"end":{"line":22,"column":32}},"13":{"start":{"line":23,"column":1},"end":{"line":23,"column":28}},"14":{"start":{"line":25,"column":1},"end":{"line":25,"column":45}},"15":{"start":{"line":27,"column":1},"end":{"line":27,"column":53}},"16":{"start":{"line":28,"column":1},"end":{"line":28,"column":32}},"17":{"start":{"line":29,"column":1},"end":{"line":37,"column":2}},"18":{"start":{"line":30,"column":2},"end":{"line":36,"column":4}},"19":{"start":{"line":31,"column":3},"end":{"line":35,"column":4}},"20":{"start":{"line":32,"column":4},"end":{"line":32,"column":31}},"21":{"start":{"line":34,"column":4},"end":{"line":34,"column":35}}},"branchMap":{"1":{"line":13,"type":"if","locations":[{"start":{"line":13,"column":1},"end":{"line":13,"column":1}},{"start":{"line":13,"column":1},"end":{"line":13,"column":1}}]},"2":{"line":13,"type":"binary-expr","locations":[{"start":{"line":13,"column":4},"end":{"line":13,"column":32}},{"start":{"line":13,"column":36},"end":{"line":13,"column":41}}]},"3":{"line":14,"type":"if","locations":[{"start":{"line":14,"column":2},"end":{"line":14,"column":2}},{"start":{"line":14,"column":2},"end":{"line":14,"column":2}}]},"4":{"line":17,"type":"binary-expr","locations":[{"start":{"line":17,"column":11},"end":{"line":17,"column":18}},{"start":{"line":17,"column":22},"end":{"line":17,"column":24}}]},"5":{"line":18,"type":"cond-expr","locations":[{"start":{"line":18,"column":53},"end":{"line":18,"column":66}},{"start":{"line":18,"column":69},"end":{"line":18,"column":71}}]},"6":{"line":29,"type":"if","locations":[{"start":{"line":29,"column":1},"end":{"line":29,"column":1}},{"start":{"line":29,"column":1},"end":{"line":29,"column":1}}]},"7":{"line":31,"type":"if","locations":[{"start":{"line":31,"column":3},"end":{"line":31,"column":3}},{"start":{"line":31,"column":3},"end":{"line":31,"column":3}}]}},"code":["/*","\tMIT License http://www.opensource.org/licenses/mit-license.php","\tAuthor Tobias Koppers @sokra","*/","","function attachTagAttrs(element, attrs) {","\tObject.keys(attrs).forEach(function (key) {","\t\telement.setAttribute(key, attrs[key]);","\t});","}","","module.exports = function addStyleUrl(cssUrl, options) {","\tif(typeof DEBUG !== \"undefined\" && DEBUG) {","\t\tif(typeof document !== \"object\") throw new Error(\"The style-loader cannot be used in a non-browser environment\");","\t}","","\toptions = options || {};","\toptions.attrs = typeof options.attrs === \"object\" ? options.attrs : {};","","\tvar styleElement = document.createElement(\"link\");","\tstyleElement.rel = \"stylesheet\";","\tstyleElement.type = \"text/css\";","\tstyleElement.href = cssUrl;","","\tattachTagAttrs(styleElement, options.attrs);","","\tvar head = document.getElementsByTagName(\"head\")[0];","\thead.appendChild(styleElement);","\tif(module.hot) {","\t\treturn function(cssUrl) {","\t\t\tif(typeof cssUrl === \"string\") {","\t\t\t\tstyleElement.href = cssUrl;","\t\t\t} else {","\t\t\t\thead.removeChild(styleElement);","\t\t\t}","\t\t};","\t}","}"],"l":{"6":1,"7":0,"8":0,"12":1,"13":0,"14":0,"17":0,"18":0,"20":0,"21":0,"22":0,"23":0,"25":0,"27":0,"28":0,"29":0,"30":0,"31":0,"32":0,"34":0}},"/home/travis/build/npmtest/node-npmtest-style-loader/node_modules/style-loader/url.js":{"path":"/home/travis/build/npmtest/node-npmtest-style-loader/node_modules/style-loader/url.js","s":{"1":1,"2":1,"3":1,"4":0,"5":0,"6":0},"b":{"1":[0,0],"2":[0,0]},"f":{"1":0,"2":0},"fnMap":{"1":{"name":"(anonymous_1)","line":7,"loc":{"start":{"line":7,"column":17},"end":{"line":7,"column":28}}},"2":{"name":"(anonymous_2)","line":8,"loc":{"start":{"line":8,"column":23},"end":{"line":8,"column":50}}}},"statementMap":{"1":{"start":{"line":5,"column":0},"end":{"line":6,"column":24}},"2":{"start":{"line":7,"column":0},"end":{"line":7,"column":31}},"3":{"start":{"line":8,"column":0},"end":{"line":24,"column":2}},"4":{"start":{"line":9,"column":1},"end":{"line":9,"column":36}},"5":{"start":{"line":10,"column":1},"end":{"line":10,"column":48}},"6":{"start":{"line":11,"column":1},"end":{"line":23,"column":14}}},"branchMap":{"1":{"line":9,"type":"binary-expr","locations":[{"start":{"line":9,"column":1},"end":{"line":9,"column":15}},{"start":{"line":9,"column":19},"end":{"line":9,"column":35}}]},"2":{"line":10,"type":"binary-expr","locations":[{"start":{"line":10,"column":13},"end":{"line":10,"column":41}},{"start":{"line":10,"column":45},"end":{"line":10,"column":47}}]}},"code":["/*","\tMIT License http://www.opensource.org/licenses/mit-license.php","\tAuthor Tobias Koppers @sokra","*/","var loaderUtils = require(\"loader-utils\"),","\tpath = require(\"path\");","module.exports = function() {};","module.exports.pitch = function(remainingRequest) {","\tthis.cacheable && this.cacheable();","\tvar query = loaderUtils.getOptions(this) || {};","\treturn [","\t\t\"// style-loader: Adds some reference to a css file to the DOM by adding a <link> tag\",","\t\t\"var update = require(\" + JSON.stringify(\"!\" + path.join(__dirname, \"addStyleUrl.js\")) + \")(\",","\t\t\"\\trequire(\" + loaderUtils.stringifyRequest(this, \"!!\" + remainingRequest) + \")\",","\t\t\", \" + JSON.stringify(query) + \");\",","\t\t\"// Hot Module Replacement\",","\t\t\"if(module.hot) {\",","\t\t\"\\tmodule.hot.accept(\" + loaderUtils.stringifyRequest(this, \"!!\" + remainingRequest) + \", function() {\",","\t\t\"\\t\\tupdate(require(\" + loaderUtils.stringifyRequest(this, \"!!\" + remainingRequest) + \"));\",","\t\t\"\\t});\",","\t\t\"\\tmodule.hot.dispose(function() { update(); });\",","\t\t\"}\"","\t].join(\"\\n\");","};",""],"l":{"5":1,"7":1,"8":1,"9":0,"10":0,"11":0}},"/home/travis/build/npmtest/node-npmtest-style-loader/node_modules/style-loader/useable.js":{"path":"/home/travis/build/npmtest/node-npmtest-style-loader/node_modules/style-loader/useable.js","s":{"1":1,"2":1,"3":1,"4":0,"5":0,"6":0,"7":0},"b":{"1":[0,0],"2":[0,0]},"f":{"1":0,"2":0},"fnMap":{"1":{"name":"(anonymous_1)","line":7,"loc":{"start":{"line":7,"column":17},"end":{"line":7,"column":28}}},"2":{"name":"(anonymous_2)","line":8,"loc":{"start":{"line":8,"column":23},"end":{"line":8,"column":50}}}},"statementMap":{"1":{"start":{"line":5,"column":0},"end":{"line":6,"column":24}},"2":{"start":{"line":7,"column":0},"end":{"line":7,"column":31}},"3":{"start":{"line":8,"column":0},"end":{"line":48,"column":2}},"4":{"start":{"line":9,"column":1},"end":{"line":9,"column":37}},"5":{"start":{"line":9,"column":20},"end":{"line":9,"column":37}},"6":{"start":{"line":10,"column":1},"end":{"line":10,"column":48}},"7":{"start":{"line":11,"column":1},"end":{"line":47,"column":14}}},"branchMap":{"1":{"line":9,"type":"if","locations":[{"start":{"line":9,"column":1},"end":{"line":9,"column":1}},{"start":{"line":9,"column":1},"end":{"line":9,"column":1}}]},"2":{"line":10,"type":"binary-expr","locations":[{"start":{"line":10,"column":13},"end":{"line":10,"column":41}},{"start":{"line":10,"column":45},"end":{"line":10,"column":47}}]}},"code":["/*","\tMIT License http://www.opensource.org/licenses/mit-license.php","\tAuthor Tobias Koppers @sokra","*/","var loaderUtils = require(\"loader-utils\"),","\tpath = require(\"path\");","module.exports = function() {};","module.exports.pitch = function(remainingRequest) {","\tif(this.cacheable) this.cacheable();","\tvar query = loaderUtils.getOptions(this) || {};","\treturn [","\t\t\"var refs = 0;\",","\t\t\"var dispose;\",","\t\t\"var content = require(\" + loaderUtils.stringifyRequest(this, \"!!\" + remainingRequest) + \");\",","\t\t\"if(typeof content === 'string') content = [[module.id, content, '']];\",","\t\t\"if(content.locals) exports.locals = content.locals;\",","\t\t\"exports.use = exports.ref = function() {\",","\t\t\"\tif(!(refs++)) {\",","\t\t\"\t\tdispose = require(\" + loaderUtils.stringifyRequest(this, \"!\" + path.join(__dirname, \"addStyles.js\")) + \")(content, \" + JSON.stringify(query) + \");\",","\t\t\"\t}\",","\t\t\"\treturn exports;\",","\t\t\"};\",","\t\t\"exports.unuse = exports.unref = function() {\",","\t\t\"       if(refs > 0 && !(--refs)) {\",","\t\t\"\t\tdispose();\",","\t\t\"\t\tdispose = null;\",","\t\t\"\t}\",","\t\t\"};\",","\t\t\"if(module.hot) {\",","\t\t\"\tvar lastRefs = module.hot.data && module.hot.data.refs || 0;\",","\t\t\"\tif(lastRefs) {\",","\t\t\"\t\texports.ref();\",","\t\t\"\t\tif(!content.locals) {\",","\t\t\"\t\t\trefs = lastRefs;\",","\t\t\"\t\t}\",","\t\t\"\t}\",","\t\t\"\tif(!content.locals) {\",","\t\t\"\t\tmodule.hot.accept();\",","\t\t\"\t}\",","\t\t\"\tmodule.hot.dispose(function(data) {\",","\t\t\"\t\tdata.refs = content.locals ? 0 : refs;\",","\t\t\"\t\tif(dispose) {\",","\t\t\"\t\t\tdispose();\",","\t\t\"\t\t}\",","\t\t\"\t});\",","\t\t\"}\"","\t].join(\"\\n\");","};",""],"l":{"5":1,"7":1,"8":1,"9":0,"10":0,"11":0}}}